{"numFailedTestSuites":0,"numFailedTests":0,"numPassedTestSuites":25,"numPassedTests":220,"numPendingTestSuites":0,"numPendingTests":0,"numRuntimeErrorTestSuites":0,"numTodoTests":0,"numTotalTestSuites":25,"numTotalTests":220,"openHandles":[],"snapshot":{"added":0,"didUpdate":false,"failure":false,"filesAdded":0,"filesRemoved":0,"filesRemovedList":[],"filesUnmatched":0,"filesUpdated":0,"matched":0,"total":0,"unchecked":0,"uncheckedKeysByFile":[],"unmatched":0,"updated":0},"startTime":1773237095342,"success":true,"testResults":[{"assertionResults":[{"ancestorTitles":["JobFilter"],"duration":91,"failing":false,"failureDetails":[],"failureMessages":[],"fullName":"JobFilter renders search input and filter controls","invocations":1,"location":null,"numPassingAsserts":4,"retryReasons":[],"startAt":1773237097671,"status":"passed","title":"renders search input and filter controls"},{"ancestorTitles":["JobFilter"],"duration":446,"failing":false,"failureDetails":[],"failureMessages":[],"fullName":"JobFilter calls onFilterChange with entered values when Search is clicked","invocations":1,"location":null,"numPassingAsserts":1,"retryReasons":[],"startAt":1773237097764,"status":"passed","title":"calls onFilterChange with entered values when Search is clicked"},{"ancestorTitles":["JobFilter"],"duration":151,"failing":false,"failureDetails":[],"failureMessages":[],"fullName":"JobFilter calls onFilterChange on Enter key in search input","invocations":1,"location":null,"numPassingAsserts":1,"retryReasons":[],"startAt":1773237098212,"status":"passed","title":"calls onFilterChange on Enter key in search input"},{"ancestorTitles":["JobFilter"],"duration":193,"failing":false,"failureDetails":[],"failureMessages":[],"fullName":"JobFilter resets all fields and calls onFilterChange with empty object","invocations":1,"location":null,"numPassingAsserts":2,"retryReasons":[],"startAt":1773237098366,"status":"passed","title":"resets all fields and calls onFilterChange with empty object"},{"ancestorTitles":["JobFilter"],"duration":93,"failing":false,"failureDetails":[],"failureMessages":[],"fullName":"JobFilter passes undefined for empty optional fields","invocations":1,"location":null,"numPassingAsserts":1,"retryReasons":[],"startAt":1773237098561,"status":"passed","title":"passes undefined for empty optional fields"},{"ancestorTitles":["JobFilter"],"duration":368,"failing":false,"failureDetails":[],"failureMessages":[],"fullName":"JobFilter parses salary values as numbers","invocations":1,"location":null,"numPassingAsserts":1,"retryReasons":[],"startAt":1773237098656,"status":"passed","title":"parses salary values as numbers"}],"endTime":1773237099028,"message":"","name":"C:\\Users\\Dell\\Desktop\\Year3\\SW cons\\2025-ITCS383-Chongyai\\implementations\\frontend\\src\\__tests__\\components\\jobs\\JobFilter.test.tsx","startTime":1773237097058,"status":"passed","summary":""},{"assertionResults":[{"ancestorTitles":["Navbar","when user is not logged in"],"duration":64,"failing":false,"failureDetails":[],"failureMessages":[],"fullName":"Navbar when user is not logged in renders Sign In and Get Started links","invocations":1,"location":null,"numPassingAsserts":2,"retryReasons":[],"startAt":1773237099502,"status":"passed","title":"renders Sign In and Get Started links"},{"ancestorTitles":["Navbar","when user is not logged in"],"duration":14,"failing":false,"failureDetails":[],"failureMessages":[],"fullName":"Navbar when user is not logged in renders the logo","invocations":1,"location":null,"numPassingAsserts":1,"retryReasons":[],"startAt":1773237099569,"status":"passed","title":"renders the logo"},{"ancestorTitles":["Navbar","when user is not logged in"],"duration":6,"failing":false,"failureDetails":[],"failureMessages":[],"fullName":"Navbar when user is not logged in renders Find Jobs link","invocations":1,"location":null,"numPassingAsserts":1,"retryReasons":[],"startAt":1773237099583,"status":"passed","title":"renders Find Jobs link"},{"ancestorTitles":["Navbar","when user is logged in"],"duration":7,"failing":false,"failureDetails":[],"failureMessages":[],"fullName":"Navbar when user is logged in renders user first name","invocations":1,"location":null,"numPassingAsserts":1,"retryReasons":[],"startAt":1773237099592,"status":"passed","title":"renders user first name"},{"ancestorTitles":["Navbar","when user is logged in"],"duration":11,"failing":false,"failureDetails":[],"failureMessages":[],"fullName":"Navbar when user is logged in renders Dashboard link","invocations":1,"location":null,"numPassingAsserts":1,"retryReasons":[],"startAt":1773237099600,"status":"passed","title":"renders Dashboard link"},{"ancestorTitles":["Navbar","when user is logged in"],"duration":7,"failing":false,"failureDetails":[],"failureMessages":[],"fullName":"Navbar when user is logged in does not render Sign In when logged in","invocations":1,"location":null,"numPassingAsserts":1,"retryReasons":[],"startAt":1773237099613,"status":"passed","title":"does not render Sign In when logged in"},{"ancestorTitles":["Navbar","when user is logged in"],"duration":85,"failing":false,"failureDetails":[],"failureMessages":[],"fullName":"Navbar when user is logged in shows dropdown on user button click","invocations":1,"location":null,"numPassingAsserts":2,"retryReasons":[],"startAt":1773237099622,"status":"passed","title":"shows dropdown on user button click"},{"ancestorTitles":["Navbar","when user is logged in"],"duration":122,"failing":false,"failureDetails":[],"failureMessages":[],"fullName":"Navbar when user is logged in calls logout when Sign Out clicked","invocations":1,"location":null,"numPassingAsserts":1,"retryReasons":[],"startAt":1773237099708,"status":"passed","title":"calls logout when Sign Out clicked"},{"ancestorTitles":["Navbar","when user is logged in"],"duration":122,"failing":false,"failureDetails":[],"failureMessages":[],"fullName":"Navbar when user is logged in navigates to profile on Profile click","invocations":1,"location":null,"numPassingAsserts":1,"retryReasons":[],"startAt":1773237099832,"status":"passed","title":"navigates to profile on Profile click"},{"ancestorTitles":["Navbar","mobile menu"],"duration":62,"failing":false,"failureDetails":[],"failureMessages":[],"fullName":"Navbar mobile menu toggles mobile menu on button click","invocations":1,"location":null,"numPassingAsserts":1,"retryReasons":[],"startAt":1773237099957,"status":"passed","title":"toggles mobile menu on button click"}],"endTime":1773237100026,"message":"","name":"C:\\Users\\Dell\\Desktop\\Year3\\SW cons\\2025-ITCS383-Chongyai\\implementations\\frontend\\src\\__tests__\\components\\layout\\Navbar.test.tsx","startTime":1773237099096,"status":"passed","summary":""},{"assertionResults":[{"ancestorTitles":["ApplicationCard"],"duration":6,"failing":false,"failureDetails":[],"failureMessages":[],"fullName":"ApplicationCard renders job title","invocations":1,"location":null,"numPassingAsserts":1,"retryReasons":[],"startAt":1773237100615,"status":"passed","title":"renders job title"},{"ancestorTitles":["ApplicationCard"],"duration":3,"failing":false,"failureDetails":[],"failureMessages":[],"fullName":"ApplicationCard renders status badge","invocations":1,"location":null,"numPassingAsserts":1,"retryReasons":[],"startAt":1773237100622,"status":"passed","title":"renders status badge"},{"ancestorTitles":["ApplicationCard"],"duration":8,"failing":false,"failureDetails":[],"failureMessages":[],"fullName":"ApplicationCard renders company name","invocations":1,"location":null,"numPassingAsserts":1,"retryReasons":[],"startAt":1773237100625,"status":"passed","title":"renders company name"},{"ancestorTitles":["ApplicationCard"],"duration":6,"failing":false,"failureDetails":[],"failureMessages":[],"fullName":"ApplicationCard renders cover letter","invocations":1,"location":null,"numPassingAsserts":1,"retryReasons":[],"startAt":1773237100635,"status":"passed","title":"renders cover letter"},{"ancestorTitles":["ApplicationCard"],"duration":3,"failing":false,"failureDetails":[],"failureMessages":[],"fullName":"ApplicationCard shows applicant name when showApplicant=true","invocations":1,"location":null,"numPassingAsserts":1,"retryReasons":[],"startAt":1773237100642,"status":"passed","title":"shows applicant name when showApplicant=true"},{"ancestorTitles":["ApplicationCard"],"duration":10,"failing":false,"failureDetails":[],"failureMessages":[],"fullName":"ApplicationCard does not show applicant name by default","invocations":1,"location":null,"numPassingAsserts":1,"retryReasons":[],"startAt":1773237100646,"status":"passed","title":"does not show applicant name by default"},{"ancestorTitles":["ApplicationCard"],"duration":5,"failing":false,"failureDetails":[],"failureMessages":[],"fullName":"ApplicationCard renders View Profile link when showViewProfile=true","invocations":1,"location":null,"numPassingAsserts":1,"retryReasons":[],"startAt":1773237100657,"status":"passed","title":"renders View Profile link when showViewProfile=true"},{"ancestorTitles":["ApplicationCard"],"duration":9,"failing":false,"failureDetails":[],"failureMessages":[],"fullName":"ApplicationCard renders status select when onStatusChange provided","invocations":1,"location":null,"numPassingAsserts":1,"retryReasons":[],"startAt":1773237100663,"status":"passed","title":"renders status select when onStatusChange provided"},{"ancestorTitles":["ApplicationCard"],"duration":41,"failing":false,"failureDetails":[],"failureMessages":[],"fullName":"ApplicationCard calls onStatusChange when select changes","invocations":1,"location":null,"numPassingAsserts":1,"retryReasons":[],"startAt":1773237100672,"status":"passed","title":"calls onStatusChange when select changes"},{"ancestorTitles":["ApplicationCard"],"duration":21,"failing":false,"failureDetails":[],"failureMessages":[],"fullName":"ApplicationCard renders Schedule Interview button when showScheduleInterview=true","invocations":1,"location":null,"numPassingAsserts":1,"retryReasons":[],"startAt":1773237100714,"status":"passed","title":"renders Schedule Interview button when showScheduleInterview=true"},{"ancestorTitles":["ApplicationCard"],"duration":73,"failing":false,"failureDetails":[],"failureMessages":[],"fullName":"ApplicationCard calls onScheduleInterview when button clicked","invocations":1,"location":null,"numPassingAsserts":1,"retryReasons":[],"startAt":1773237100736,"status":"passed","title":"calls onScheduleInterview when button clicked"},{"ancestorTitles":["ApplicationCard"],"duration":13,"failing":false,"failureDetails":[],"failureMessages":[],"fullName":"ApplicationCard renders with no job title fallback","invocations":1,"location":null,"numPassingAsserts":1,"retryReasons":[],"startAt":1773237100812,"status":"passed","title":"renders with no job title fallback"}],"endTime":1773237100840,"message":"","name":"C:\\Users\\Dell\\Desktop\\Year3\\SW cons\\2025-ITCS383-Chongyai\\implementations\\frontend\\src\\__tests__\\components\\applications\\ApplicationCard.test.tsx","startTime":1773237100121,"status":"passed","summary":""},{"assertionResults":[{"ancestorTitles":["AuthContext"],"duration":66,"failing":false,"failureDetails":[],"failureMessages":[],"fullName":"AuthContext throws error when useAuth used outside AuthProvider","invocations":1,"location":null,"numPassingAsserts":1,"retryReasons":[],"startAt":1773237101333,"status":"passed","title":"throws error when useAuth used outside AuthProvider"},{"ancestorTitles":["AuthContext"],"duration":12,"failing":false,"failureDetails":[],"failureMessages":[],"fullName":"AuthContext starts with no user and finishes loading","invocations":1,"location":null,"numPassingAsserts":2,"retryReasons":[],"startAt":1773237101400,"status":"passed","title":"starts with no user and finishes loading"},{"ancestorTitles":["AuthContext"],"duration":9,"failing":false,"failureDetails":[],"failureMessages":[],"fullName":"AuthContext restores user and token from localStorage on mount","invocations":1,"location":null,"numPassingAsserts":2,"retryReasons":[],"startAt":1773237101412,"status":"passed","title":"restores user and token from localStorage on mount"},{"ancestorTitles":["AuthContext"],"duration":101,"failing":false,"failureDetails":[],"failureMessages":[],"fullName":"AuthContext login sets user and token","invocations":1,"location":null,"numPassingAsserts":2,"retryReasons":[],"startAt":1773237101422,"status":"passed","title":"login sets user and token"},{"ancestorTitles":["AuthContext"],"duration":179,"failing":false,"failureDetails":[],"failureMessages":[],"fullName":"AuthContext updateUser changes the stored user","invocations":1,"location":null,"numPassingAsserts":1,"retryReasons":[],"startAt":1773237101525,"status":"passed","title":"updateUser changes the stored user"},{"ancestorTitles":["AuthContext"],"duration":123,"failing":false,"failureDetails":[],"failureMessages":[],"fullName":"AuthContext logout clears user and token","invocations":1,"location":null,"numPassingAsserts":2,"retryReasons":[],"startAt":1773237101706,"status":"passed","title":"logout clears user and token"}],"endTime":1773237101834,"message":"","name":"C:\\Users\\Dell\\Desktop\\Year3\\SW cons\\2025-ITCS383-Chongyai\\implementations\\frontend\\src\\__tests__\\context\\AuthContext.test.tsx","startTime":1773237100906,"status":"passed","summary":""},{"assertionResults":[{"ancestorTitles":["useMyApplications"],"duration":79,"failing":false,"failureDetails":[],"failureMessages":[],"fullName":"useMyApplications fetches applications on mount","invocations":1,"location":null,"numPassingAsserts":3,"retryReasons":[],"startAt":1773237102483,"status":"passed","title":"fetches applications on mount"},{"ancestorTitles":["useMyApplications"],"duration":85,"failing":false,"failureDetails":[],"failureMessages":[],"fullName":"useMyApplications sets error on fetch failure","invocations":1,"location":null,"numPassingAsserts":2,"retryReasons":[],"startAt":1773237102566,"status":"passed","title":"sets error on fetch failure"},{"ancestorTitles":["useMyApplications"],"duration":98,"failing":false,"failureDetails":[],"failureMessages":[],"fullName":"useMyApplications apply calls POST and refetches","invocations":1,"location":null,"numPassingAsserts":3,"retryReasons":[],"startAt":1773237102653,"status":"passed","title":"apply calls POST and refetches"},{"ancestorTitles":["useMyApplications"],"duration":91,"failing":false,"failureDetails":[],"failureMessages":[],"fullName":"useMyApplications withdraw calls DELETE and refetches","invocations":1,"location":null,"numPassingAsserts":2,"retryReasons":[],"startAt":1773237102754,"status":"passed","title":"withdraw calls DELETE and refetches"},{"ancestorTitles":["useMyApplications"],"duration":76,"failing":false,"failureDetails":[],"failureMessages":[],"fullName":"useMyApplications refetch fetches with page number","invocations":1,"location":null,"numPassingAsserts":2,"retryReasons":[],"startAt":1773237102847,"status":"passed","title":"refetch fetches with page number"},{"ancestorTitles":["useJobApplications"],"duration":71,"failing":false,"failureDetails":[],"failureMessages":[],"fullName":"useJobApplications fetches job applications on mount","invocations":1,"location":null,"numPassingAsserts":2,"retryReasons":[],"startAt":1773237102925,"status":"passed","title":"fetches job applications on mount"},{"ancestorTitles":["useJobApplications"],"duration":5,"failing":false,"failureDetails":[],"failureMessages":[],"fullName":"useJobApplications does not fetch when jobId is empty","invocations":1,"location":null,"numPassingAsserts":1,"retryReasons":[],"startAt":1773237102998,"status":"passed","title":"does not fetch when jobId is empty"},{"ancestorTitles":["useJobApplications"],"duration":85,"failing":false,"failureDetails":[],"failureMessages":[],"fullName":"useJobApplications sets error on fetch failure","invocations":1,"location":null,"numPassingAsserts":2,"retryReasons":[],"startAt":1773237103005,"status":"passed","title":"sets error on fetch failure"},{"ancestorTitles":["useJobApplications"],"duration":83,"failing":false,"failureDetails":[],"failureMessages":[],"fullName":"useJobApplications updateStatus calls PUT and refetches","invocations":1,"location":null,"numPassingAsserts":2,"retryReasons":[],"startAt":1773237103092,"status":"passed","title":"updateStatus calls PUT and refetches"}],"endTime":1773237103181,"message":"","name":"C:\\Users\\Dell\\Desktop\\Year3\\SW cons\\2025-ITCS383-Chongyai\\implementations\\frontend\\src\\__tests__\\hooks\\useApplications.test.ts","startTime":1773237101978,"status":"passed","summary":""},{"assertionResults":[{"ancestorTitles":["JobCard"],"duration":30,"failing":false,"failureDetails":[],"failureMessages":[],"fullName":"JobCard renders job title","invocations":1,"location":null,"numPassingAsserts":1,"retryReasons":[],"startAt":1773237103656,"status":"passed","title":"renders job title"},{"ancestorTitles":["JobCard"],"duration":5,"failing":false,"failureDetails":[],"failureMessages":[],"fullName":"JobCard renders company name","invocations":1,"location":null,"numPassingAsserts":1,"retryReasons":[],"startAt":1773237103687,"status":"passed","title":"renders company name"},{"ancestorTitles":["JobCard"],"duration":6,"failing":false,"failureDetails":[],"failureMessages":[],"fullName":"JobCard renders location","invocations":1,"location":null,"numPassingAsserts":1,"retryReasons":[],"startAt":1773237103692,"status":"passed","title":"renders location"},{"ancestorTitles":["JobCard"],"duration":5,"failing":false,"failureDetails":[],"failureMessages":[],"fullName":"JobCard renders job type badge","invocations":1,"location":null,"numPassingAsserts":1,"retryReasons":[],"startAt":1773237103699,"status":"passed","title":"renders job type badge"},{"ancestorTitles":["JobCard"],"duration":5,"failing":false,"failureDetails":[],"failureMessages":[],"fullName":"JobCard renders salary range","invocations":1,"location":null,"numPassingAsserts":2,"retryReasons":[],"startAt":1773237103705,"status":"passed","title":"renders salary range"},{"ancestorTitles":["JobCard"],"duration":6,"failing":false,"failureDetails":[],"failureMessages":[],"fullName":"JobCard renders skills (up to 4)","invocations":1,"location":null,"numPassingAsserts":4,"retryReasons":[],"startAt":1773237103711,"status":"passed","title":"renders skills (up to 4)"},{"ancestorTitles":["JobCard"],"duration":5,"failing":false,"failureDetails":[],"failureMessages":[],"fullName":"JobCard shows +N more for skills beyond 4","invocations":1,"location":null,"numPassingAsserts":1,"retryReasons":[],"startAt":1773237103718,"status":"passed","title":"shows +N more for skills beyond 4"},{"ancestorTitles":["JobCard"],"duration":6,"failing":false,"failureDetails":[],"failureMessages":[],"fullName":"JobCard renders view count","invocations":1,"location":null,"numPassingAsserts":1,"retryReasons":[],"startAt":1773237103724,"status":"passed","title":"renders view count"},{"ancestorTitles":["JobCard"],"duration":14,"failing":false,"failureDetails":[],"failureMessages":[],"fullName":"JobCard uses default href when no href prop","invocations":1,"location":null,"numPassingAsserts":1,"retryReasons":[],"startAt":1773237103732,"status":"passed","title":"uses default href when no href prop"},{"ancestorTitles":["JobCard"],"duration":15,"failing":false,"failureDetails":[],"failureMessages":[],"fullName":"JobCard uses custom href when provided","invocations":1,"location":null,"numPassingAsserts":1,"retryReasons":[],"startAt":1773237103747,"status":"passed","title":"uses custom href when provided"},{"ancestorTitles":["JobCard"],"duration":8,"failing":false,"failureDetails":[],"failureMessages":[],"fullName":"JobCard renders fallback company name when no recruiter profile","invocations":1,"location":null,"numPassingAsserts":1,"retryReasons":[],"startAt":1773237103763,"status":"passed","title":"renders fallback company name when no recruiter profile"},{"ancestorTitles":["JobCard"],"duration":5,"failing":false,"failureDetails":[],"failureMessages":[],"fullName":"JobCard renders only salaryMin when salaryMax is null","invocations":1,"location":null,"numPassingAsserts":1,"retryReasons":[],"startAt":1773237103772,"status":"passed","title":"renders only salaryMin when salaryMax is null"},{"ancestorTitles":["JobCard"],"duration":6,"failing":false,"failureDetails":[],"failureMessages":[],"fullName":"JobCard renders only salaryMax when salaryMin is null","invocations":1,"location":null,"numPassingAsserts":1,"retryReasons":[],"startAt":1773237103778,"status":"passed","title":"renders only salaryMax when salaryMin is null"},{"ancestorTitles":["JobCard"],"duration":6,"failing":false,"failureDetails":[],"failureMessages":[],"fullName":"JobCard does not render salary when both are null","invocations":1,"location":null,"numPassingAsserts":1,"retryReasons":[],"startAt":1773237103785,"status":"passed","title":"does not render salary when both are null"},{"ancestorTitles":["JobCard"],"duration":5,"failing":false,"failureDetails":[],"failureMessages":[],"fullName":"JobCard does not render skills section when empty","invocations":1,"location":null,"numPassingAsserts":1,"retryReasons":[],"startAt":1773237103794,"status":"passed","title":"does not render skills section when empty"}],"endTime":1773237103803,"message":"","name":"C:\\Users\\Dell\\Desktop\\Year3\\SW cons\\2025-ITCS383-Chongyai\\implementations\\frontend\\src\\__tests__\\components\\jobs\\JobCard.test.tsx","startTime":1773237103304,"status":"passed","summary":""},{"assertionResults":[{"ancestorTitles":["useJobs"],"duration":93,"failing":false,"failureDetails":[],"failureMessages":[],"fullName":"useJobs fetches jobs on mount","invocations":1,"location":null,"numPassingAsserts":4,"retryReasons":[],"startAt":1773237104081,"status":"passed","title":"fetches jobs on mount"},{"ancestorTitles":["useJobs"],"duration":74,"failing":false,"failureDetails":[],"failureMessages":[],"fullName":"useJobs sets error on fetch failure","invocations":1,"location":null,"numPassingAsserts":2,"retryReasons":[],"startAt":1773237104176,"status":"passed","title":"sets error on fetch failure"},{"ancestorTitles":["useJobs"],"duration":91,"failing":false,"failureDetails":[],"failureMessages":[],"fullName":"useJobs fetches with search filters","invocations":1,"location":null,"numPassingAsserts":2,"retryReasons":[],"startAt":1773237104252,"status":"passed","title":"fetches with search filters"},{"ancestorTitles":["useJobs"],"duration":61,"failing":false,"failureDetails":[],"failureMessages":[],"fullName":"useJobs refetch re-runs the fetch","invocations":1,"location":null,"numPassingAsserts":2,"retryReasons":[],"startAt":1773237104345,"status":"passed","title":"refetch re-runs the fetch"},{"ancestorTitles":["useJob"],"duration":74,"failing":false,"failureDetails":[],"failureMessages":[],"fullName":"useJob fetches single job by id","invocations":1,"location":null,"numPassingAsserts":2,"retryReasons":[],"startAt":1773237104409,"status":"passed","title":"fetches single job by id"},{"ancestorTitles":["useJob"],"duration":75,"failing":false,"failureDetails":[],"failureMessages":[],"fullName":"useJob sets error on failure","invocations":1,"location":null,"numPassingAsserts":2,"retryReasons":[],"startAt":1773237104485,"status":"passed","title":"sets error on failure"},{"ancestorTitles":["useJob"],"duration":5,"failing":false,"failureDetails":[],"failureMessages":[],"fullName":"useJob does not fetch when id is empty","invocations":1,"location":null,"numPassingAsserts":1,"retryReasons":[],"startAt":1773237104563,"status":"passed","title":"does not fetch when id is empty"},{"ancestorTitles":["useMyJobs"],"duration":84,"failing":false,"failureDetails":[],"failureMessages":[],"fullName":"useMyJobs fetches recruiter jobs on mount","invocations":1,"location":null,"numPassingAsserts":2,"retryReasons":[],"startAt":1773237104570,"status":"passed","title":"fetches recruiter jobs on mount"},{"ancestorTitles":["useMyJobs"],"duration":96,"failing":false,"failureDetails":[],"failureMessages":[],"fullName":"useMyJobs createJob calls POST and refetches","invocations":1,"location":null,"numPassingAsserts":3,"retryReasons":[],"startAt":1773237104655,"status":"passed","title":"createJob calls POST and refetches"},{"ancestorTitles":["useMyJobs"],"duration":74,"failing":false,"failureDetails":[],"failureMessages":[],"fullName":"useMyJobs updateJob calls PUT and refetches","invocations":1,"location":null,"numPassingAsserts":3,"retryReasons":[],"startAt":1773237104753,"status":"passed","title":"updateJob calls PUT and refetches"},{"ancestorTitles":["useMyJobs"],"duration":80,"failing":false,"failureDetails":[],"failureMessages":[],"fullName":"useMyJobs deleteJob calls DELETE and refetches","invocations":1,"location":null,"numPassingAsserts":2,"retryReasons":[],"startAt":1773237104828,"status":"passed","title":"deleteJob calls DELETE and refetches"}],"endTime":1773237104914,"message":"","name":"C:\\Users\\Dell\\Desktop\\Year3\\SW cons\\2025-ITCS383-Chongyai\\implementations\\frontend\\src\\__tests__\\hooks\\useJobs.test.ts","startTime":1773237103830,"status":"passed","summary":""},{"assertionResults":[{"ancestorTitles":["useBookmarks"],"duration":83,"failing":false,"failureDetails":[],"failureMessages":[],"fullName":"useBookmarks fetches bookmarks on mount","invocations":1,"location":null,"numPassingAsserts":3,"retryReasons":[],"startAt":1773237105440,"status":"passed","title":"fetches bookmarks on mount"},{"ancestorTitles":["useBookmarks"],"duration":73,"failing":false,"failureDetails":[],"failureMessages":[],"fullName":"useBookmarks sets error on fetch failure","invocations":1,"location":null,"numPassingAsserts":2,"retryReasons":[],"startAt":1773237105525,"status":"passed","title":"sets error on fetch failure"},{"ancestorTitles":["useBookmarks"],"duration":87,"failing":false,"failureDetails":[],"failureMessages":[],"fullName":"useBookmarks addBookmark calls POST","invocations":1,"location":null,"numPassingAsserts":2,"retryReasons":[],"startAt":1773237105599,"status":"passed","title":"addBookmark calls POST"},{"ancestorTitles":["useBookmarks"],"duration":81,"failing":false,"failureDetails":[],"failureMessages":[],"fullName":"useBookmarks removeBookmark calls DELETE","invocations":1,"location":null,"numPassingAsserts":2,"retryReasons":[],"startAt":1773237105687,"status":"passed","title":"removeBookmark calls DELETE"},{"ancestorTitles":["useBookmarks"],"duration":75,"failing":false,"failureDetails":[],"failureMessages":[],"fullName":"useBookmarks isBookmarked returns true for bookmarked job","invocations":1,"location":null,"numPassingAsserts":3,"retryReasons":[],"startAt":1773237105770,"status":"passed","title":"isBookmarked returns true for bookmarked job"},{"ancestorTitles":["useBookmarkCheck"],"duration":76,"failing":false,"failureDetails":[],"failureMessages":[],"fullName":"useBookmarkCheck checks bookmark status on mount","invocations":1,"location":null,"numPassingAsserts":2,"retryReasons":[],"startAt":1773237105847,"status":"passed","title":"checks bookmark status on mount"},{"ancestorTitles":["useBookmarkCheck"],"duration":75,"failing":false,"failureDetails":[],"failureMessages":[],"fullName":"useBookmarkCheck defaults to false on fetch failure","invocations":1,"location":null,"numPassingAsserts":2,"retryReasons":[],"startAt":1773237105925,"status":"passed","title":"defaults to false on fetch failure"},{"ancestorTitles":["useBookmarkCheck"],"duration":3,"failing":false,"failureDetails":[],"failureMessages":[],"fullName":"useBookmarkCheck does not fetch when jobId is empty","invocations":1,"location":null,"numPassingAsserts":1,"retryReasons":[],"startAt":1773237106002,"status":"passed","title":"does not fetch when jobId is empty"},{"ancestorTitles":["useBookmarkCheck"],"duration":90,"failing":false,"failureDetails":[],"failureMessages":[],"fullName":"useBookmarkCheck toggle adds bookmark when not bookmarked","invocations":1,"location":null,"numPassingAsserts":2,"retryReasons":[],"startAt":1773237106007,"status":"passed","title":"toggle adds bookmark when not bookmarked"},{"ancestorTitles":["useBookmarkCheck"],"duration":75,"failing":false,"failureDetails":[],"failureMessages":[],"fullName":"useBookmarkCheck toggle removes bookmark when bookmarked","invocations":1,"location":null,"numPassingAsserts":2,"retryReasons":[],"startAt":1773237106099,"status":"passed","title":"toggle removes bookmark when bookmarked"}],"endTime":1773237106177,"message":"","name":"C:\\Users\\Dell\\Desktop\\Year3\\SW cons\\2025-ITCS383-Chongyai\\implementations\\frontend\\src\\__tests__\\hooks\\useBookmarks.test.ts","startTime":1773237105044,"status":"passed","summary":""},{"assertionResults":[{"ancestorTitles":["useRequireAuth"],"duration":2,"failing":false,"failureDetails":[],"failureMessages":[],"fullName":"useRequireAuth redirects to login when no user and not loading","invocations":1,"location":null,"numPassingAsserts":1,"retryReasons":[],"startAt":1773237106534,"status":"passed","title":"redirects to login when no user and not loading"},{"ancestorTitles":["useRequireAuth"],"duration":1,"failing":false,"failureDetails":[],"failureMessages":[],"fullName":"useRequireAuth does not redirect when loading","invocations":1,"location":null,"numPassingAsserts":1,"retryReasons":[],"startAt":1773237106537,"status":"passed","title":"does not redirect when loading"},{"ancestorTitles":["useRequireAuth"],"duration":2,"failing":false,"failureDetails":[],"failureMessages":[],"fullName":"useRequireAuth does not redirect when user is present without role requirement","invocations":1,"location":null,"numPassingAsserts":1,"retryReasons":[],"startAt":1773237106539,"status":"passed","title":"does not redirect when user is present without role requirement"},{"ancestorTitles":["useRequireAuth"],"duration":2,"failing":false,"failureDetails":[],"failureMessages":[],"fullName":"useRequireAuth redirects when user role does not match required role","invocations":1,"location":null,"numPassingAsserts":1,"retryReasons":[],"startAt":1773237106542,"status":"passed","title":"redirects when user role does not match required role"},{"ancestorTitles":["useRequireAuth"],"duration":1,"failing":false,"failureDetails":[],"failureMessages":[],"fullName":"useRequireAuth does not redirect when user role matches required role","invocations":1,"location":null,"numPassingAsserts":1,"retryReasons":[],"startAt":1773237106545,"status":"passed","title":"does not redirect when user role matches required role"},{"ancestorTitles":["useRequireAuth"],"duration":1,"failing":false,"failureDetails":[],"failureMessages":[],"fullName":"useRequireAuth returns user and isLoading from context","invocations":1,"location":null,"numPassingAsserts":2,"retryReasons":[],"startAt":1773237106546,"status":"passed","title":"returns user and isLoading from context"}],"endTime":1773237106549,"message":"","name":"C:\\Users\\Dell\\Desktop\\Year3\\SW cons\\2025-ITCS383-Chongyai\\implementations\\frontend\\src\\__tests__\\hooks\\useAuth.test.ts","startTime":1773237106327,"status":"passed","summary":""},{"assertionResults":[{"ancestorTitles":["useChat"],"duration":24,"failing":false,"failureDetails":[],"failureMessages":[],"fullName":"useChat fetches chat history on mount","invocations":1,"location":null,"numPassingAsserts":3,"retryReasons":[],"startAt":1773237106902,"status":"passed","title":"fetches chat history on mount"},{"ancestorTitles":["useChat"],"duration":2,"failing":false,"failureDetails":[],"failureMessages":[],"fullName":"useChat does not fetch when sessionId is empty","invocations":1,"location":null,"numPassingAsserts":1,"retryReasons":[],"startAt":1773237106927,"status":"passed","title":"does not fetch when sessionId is empty"},{"ancestorTitles":["useChat"],"duration":6,"failing":false,"failureDetails":[],"failureMessages":[],"fullName":"useChat sets error on history fetch failure","invocations":1,"location":null,"numPassingAsserts":2,"retryReasons":[],"startAt":1773237106930,"status":"passed","title":"sets error on history fetch failure"},{"ancestorTitles":["useChat"],"duration":6,"failing":false,"failureDetails":[],"failureMessages":[],"fullName":"useChat polls every 5 seconds","invocations":1,"location":null,"numPassingAsserts":2,"retryReasons":[],"startAt":1773237106937,"status":"passed","title":"polls every 5 seconds"},{"ancestorTitles":["useChat"],"duration":5,"failing":false,"failureDetails":[],"failureMessages":[],"fullName":"useChat sendMessage adds user and bot messages","invocations":1,"location":null,"numPassingAsserts":4,"retryReasons":[],"startAt":1773237106944,"status":"passed","title":"sendMessage adds user and bot messages"},{"ancestorTitles":["useChat"],"duration":8,"failing":false,"failureDetails":[],"failureMessages":[],"fullName":"useChat sendMessage ignores empty/whitespace content","invocations":1,"location":null,"numPassingAsserts":2,"retryReasons":[],"startAt":1773237106951,"status":"passed","title":"sendMessage ignores empty/whitespace content"},{"ancestorTitles":["useChat"],"duration":6,"failing":false,"failureDetails":[],"failureMessages":[],"fullName":"useChat sets error on sendMessage failure","invocations":1,"location":null,"numPassingAsserts":2,"retryReasons":[],"startAt":1773237106961,"status":"passed","title":"sets error on sendMessage failure"}],"endTime":1773237106972,"message":"","name":"C:\\Users\\Dell\\Desktop\\Year3\\SW cons\\2025-ITCS383-Chongyai\\implementations\\frontend\\src\\__tests__\\hooks\\useChat.test.ts","startTime":1773237106581,"status":"passed","summary":""},{"assertionResults":[{"ancestorTitles":["Pagination"],"duration":2,"failing":false,"failureDetails":[],"failureMessages":[],"fullName":"Pagination renders nothing when totalPages <= 1","invocations":1,"location":null,"numPassingAsserts":1,"retryReasons":[],"startAt":1773237107253,"status":"passed","title":"renders nothing when totalPages <= 1"},{"ancestorTitles":["Pagination"],"duration":6,"failing":false,"failureDetails":[],"failureMessages":[],"fullName":"Pagination renders page buttons for small totalPages","invocations":1,"location":null,"numPassingAsserts":2,"retryReasons":[],"startAt":1773237107257,"status":"passed","title":"renders page buttons for small totalPages"},{"ancestorTitles":["Pagination"],"duration":63,"failing":false,"failureDetails":[],"failureMessages":[],"fullName":"Pagination calls onPageChange with next page on next button click","invocations":1,"location":null,"numPassingAsserts":1,"retryReasons":[],"startAt":1773237107264,"status":"passed","title":"calls onPageChange with next page on next button click"},{"ancestorTitles":["Pagination"],"duration":55,"failing":false,"failureDetails":[],"failureMessages":[],"fullName":"Pagination calls onPageChange with previous page on prev button click","invocations":1,"location":null,"numPassingAsserts":1,"retryReasons":[],"startAt":1773237107330,"status":"passed","title":"calls onPageChange with previous page on prev button click"},{"ancestorTitles":["Pagination"],"duration":8,"failing":false,"failureDetails":[],"failureMessages":[],"fullName":"Pagination disables previous button on first page","invocations":1,"location":null,"numPassingAsserts":1,"retryReasons":[],"startAt":1773237107387,"status":"passed","title":"disables previous button on first page"},{"ancestorTitles":["Pagination"],"duration":14,"failing":false,"failureDetails":[],"failureMessages":[],"fullName":"Pagination disables next button on last page","invocations":1,"location":null,"numPassingAsserts":1,"retryReasons":[],"startAt":1773237107397,"status":"passed","title":"disables next button on last page"},{"ancestorTitles":["Pagination"],"duration":81,"failing":false,"failureDetails":[],"failureMessages":[],"fullName":"Pagination calls onPageChange when a page button is clicked","invocations":1,"location":null,"numPassingAsserts":1,"retryReasons":[],"startAt":1773237107413,"status":"passed","title":"calls onPageChange when a page button is clicked"},{"ancestorTitles":["Pagination"],"duration":8,"failing":false,"failureDetails":[],"failureMessages":[],"fullName":"Pagination shows ellipsis for large page counts","invocations":1,"location":null,"numPassingAsserts":1,"retryReasons":[],"startAt":1773237107496,"status":"passed","title":"shows ellipsis for large page counts"}],"endTime":1773237107510,"message":"","name":"C:\\Users\\Dell\\Desktop\\Year3\\SW cons\\2025-ITCS383-Chongyai\\implementations\\frontend\\src\\__tests__\\components\\ui\\Pagination.test.tsx","startTime":1773237107007,"status":"passed","summary":""},{"assertionResults":[{"ancestorTitles":["Button"],"duration":22,"failing":false,"failureDetails":[],"failureMessages":[],"fullName":"Button renders children","invocations":1,"location":null,"numPassingAsserts":1,"retryReasons":[],"startAt":1773237107853,"status":"passed","title":"renders children"},{"ancestorTitles":["Button"],"duration":34,"failing":false,"failureDetails":[],"failureMessages":[],"fullName":"Button calls onClick when clicked","invocations":1,"location":null,"numPassingAsserts":1,"retryReasons":[],"startAt":1773237107877,"status":"passed","title":"calls onClick when clicked"},{"ancestorTitles":["Button"],"duration":10,"failing":false,"failureDetails":[],"failureMessages":[],"fullName":"Button is disabled when disabled prop is true","invocations":1,"location":null,"numPassingAsserts":1,"retryReasons":[],"startAt":1773237107913,"status":"passed","title":"is disabled when disabled prop is true"},{"ancestorTitles":["Button"],"duration":10,"failing":false,"failureDetails":[],"failureMessages":[],"fullName":"Button is disabled and shows spinner when isLoading is true","invocations":1,"location":null,"numPassingAsserts":2,"retryReasons":[],"startAt":1773237107925,"status":"passed","title":"is disabled and shows spinner when isLoading is true"},{"ancestorTitles":["Button"],"duration":53,"failing":false,"failureDetails":[],"failureMessages":[],"fullName":"Button does not call onClick when disabled","invocations":1,"location":null,"numPassingAsserts":1,"retryReasons":[],"startAt":1773237107936,"status":"passed","title":"does not call onClick when disabled"},{"ancestorTitles":["Button"],"duration":9,"failing":false,"failureDetails":[],"failureMessages":[],"fullName":"Button renders variant=primary without error","invocations":1,"location":null,"numPassingAsserts":1,"retryReasons":[],"startAt":1773237107990,"status":"passed","title":"renders variant=primary without error"},{"ancestorTitles":["Button"],"duration":15,"failing":false,"failureDetails":[],"failureMessages":[],"fullName":"Button renders variant=secondary without error","invocations":1,"location":null,"numPassingAsserts":1,"retryReasons":[],"startAt":1773237108000,"status":"passed","title":"renders variant=secondary without error"},{"ancestorTitles":["Button"],"duration":15,"failing":false,"failureDetails":[],"failureMessages":[],"fullName":"Button renders variant=outline without error","invocations":1,"location":null,"numPassingAsserts":1,"retryReasons":[],"startAt":1773237108017,"status":"passed","title":"renders variant=outline without error"},{"ancestorTitles":["Button"],"duration":14,"failing":false,"failureDetails":[],"failureMessages":[],"fullName":"Button renders variant=ghost without error","invocations":1,"location":null,"numPassingAsserts":1,"retryReasons":[],"startAt":1773237108034,"status":"passed","title":"renders variant=ghost without error"},{"ancestorTitles":["Button"],"duration":13,"failing":false,"failureDetails":[],"failureMessages":[],"fullName":"Button renders variant=danger without error","invocations":1,"location":null,"numPassingAsserts":1,"retryReasons":[],"startAt":1773237108049,"status":"passed","title":"renders variant=danger without error"},{"ancestorTitles":["Button"],"duration":17,"failing":false,"failureDetails":[],"failureMessages":[],"fullName":"Button renders size=sm without error","invocations":1,"location":null,"numPassingAsserts":1,"retryReasons":[],"startAt":1773237108064,"status":"passed","title":"renders size=sm without error"},{"ancestorTitles":["Button"],"duration":5,"failing":false,"failureDetails":[],"failureMessages":[],"fullName":"Button renders size=md without error","invocations":1,"location":null,"numPassingAsserts":1,"retryReasons":[],"startAt":1773237108082,"status":"passed","title":"renders size=md without error"},{"ancestorTitles":["Button"],"duration":5,"failing":false,"failureDetails":[],"failureMessages":[],"fullName":"Button renders size=lg without error","invocations":1,"location":null,"numPassingAsserts":1,"retryReasons":[],"startAt":1773237108088,"status":"passed","title":"renders size=lg without error"},{"ancestorTitles":["Button"],"duration":3,"failing":false,"failureDetails":[],"failureMessages":[],"fullName":"Button applies custom className","invocations":1,"location":null,"numPassingAsserts":1,"retryReasons":[],"startAt":1773237108094,"status":"passed","title":"applies custom className"}],"endTime":1773237108100,"message":"","name":"C:\\Users\\Dell\\Desktop\\Year3\\SW cons\\2025-ITCS383-Chongyai\\implementations\\frontend\\src\\__tests__\\components\\ui\\Button.test.tsx","startTime":1773237107547,"status":"passed","summary":""},{"assertionResults":[{"ancestorTitles":["Select"],"duration":9,"failing":false,"failureDetails":[],"failureMessages":[],"fullName":"Select renders all options","invocations":1,"location":null,"numPassingAsserts":2,"retryReasons":[],"startAt":1773237108391,"status":"passed","title":"renders all options"},{"ancestorTitles":["Select"],"duration":4,"failing":false,"failureDetails":[],"failureMessages":[],"fullName":"Select renders with label and associates it to select","invocations":1,"location":null,"numPassingAsserts":1,"retryReasons":[],"startAt":1773237108401,"status":"passed","title":"renders with label and associates it to select"},{"ancestorTitles":["Select"],"duration":8,"failing":false,"failureDetails":[],"failureMessages":[],"fullName":"Select renders placeholder as first option","invocations":1,"location":null,"numPassingAsserts":1,"retryReasons":[],"startAt":1773237108406,"status":"passed","title":"renders placeholder as first option"},{"ancestorTitles":["Select"],"duration":9,"failing":false,"failureDetails":[],"failureMessages":[],"fullName":"Select renders error message","invocations":1,"location":null,"numPassingAsserts":1,"retryReasons":[],"startAt":1773237108416,"status":"passed","title":"renders error message"},{"ancestorTitles":["Select"],"duration":11,"failing":false,"failureDetails":[],"failureMessages":[],"fullName":"Select uses provided id over auto-generated one","invocations":1,"location":null,"numPassingAsserts":1,"retryReasons":[],"startAt":1773237108426,"status":"passed","title":"uses provided id over auto-generated one"},{"ancestorTitles":["Select"],"duration":9,"failing":false,"failureDetails":[],"failureMessages":[],"fullName":"Select auto-generates id from label","invocations":1,"location":null,"numPassingAsserts":1,"retryReasons":[],"startAt":1773237108439,"status":"passed","title":"auto-generates id from label"},{"ancestorTitles":["Select"],"duration":97,"failing":false,"failureDetails":[],"failureMessages":[],"fullName":"Select calls onChange when selection changes","invocations":1,"location":null,"numPassingAsserts":1,"retryReasons":[],"startAt":1773237108450,"status":"passed","title":"calls onChange when selection changes"}],"endTime":1773237108553,"message":"","name":"C:\\Users\\Dell\\Desktop\\Year3\\SW cons\\2025-ITCS383-Chongyai\\implementations\\frontend\\src\\__tests__\\components\\ui\\Select.test.tsx","startTime":1773237108114,"status":"passed","summary":""},{"assertionResults":[{"ancestorTitles":["Modal"],"duration":7,"failing":false,"failureDetails":[],"failureMessages":[],"fullName":"Modal renders nothing when isOpen is false","invocations":1,"location":null,"numPassingAsserts":1,"retryReasons":[],"startAt":1773237108860,"status":"passed","title":"renders nothing when isOpen is false"},{"ancestorTitles":["Modal"],"duration":14,"failing":false,"failureDetails":[],"failureMessages":[],"fullName":"Modal renders children when isOpen is true","invocations":1,"location":null,"numPassingAsserts":1,"retryReasons":[],"startAt":1773237108868,"status":"passed","title":"renders children when isOpen is true"},{"ancestorTitles":["Modal"],"duration":5,"failing":false,"failureDetails":[],"failureMessages":[],"fullName":"Modal renders title when provided","invocations":1,"location":null,"numPassingAsserts":1,"retryReasons":[],"startAt":1773237108883,"status":"passed","title":"renders title when provided"},{"ancestorTitles":["Modal"],"duration":44,"failing":false,"failureDetails":[],"failureMessages":[],"fullName":"Modal calls onClose when close button clicked","invocations":1,"location":null,"numPassingAsserts":1,"retryReasons":[],"startAt":1773237108890,"status":"passed","title":"calls onClose when close button clicked"},{"ancestorTitles":["Modal"],"duration":45,"failing":false,"failureDetails":[],"failureMessages":[],"fullName":"Modal calls onClose when backdrop is clicked","invocations":1,"location":null,"numPassingAsserts":1,"retryReasons":[],"startAt":1773237108935,"status":"passed","title":"calls onClose when backdrop is clicked"},{"ancestorTitles":["Modal"],"duration":5,"failing":false,"failureDetails":[],"failureMessages":[],"fullName":"Modal calls onClose when Escape key is pressed","invocations":1,"location":null,"numPassingAsserts":1,"retryReasons":[],"startAt":1773237108981,"status":"passed","title":"calls onClose when Escape key is pressed"},{"ancestorTitles":["Modal"],"duration":3,"failing":false,"failureDetails":[],"failureMessages":[],"fullName":"Modal does not call onClose on Escape when closed","invocations":1,"location":null,"numPassingAsserts":1,"retryReasons":[],"startAt":1773237108987,"status":"passed","title":"does not call onClose on Escape when closed"},{"ancestorTitles":["Modal"],"duration":10,"failing":false,"failureDetails":[],"failureMessages":[],"fullName":"Modal renders size=sm without error","invocations":1,"location":null,"numPassingAsserts":1,"retryReasons":[],"startAt":1773237108991,"status":"passed","title":"renders size=sm without error"},{"ancestorTitles":["Modal"],"duration":17,"failing":false,"failureDetails":[],"failureMessages":[],"fullName":"Modal renders size=md without error","invocations":1,"location":null,"numPassingAsserts":1,"retryReasons":[],"startAt":1773237109003,"status":"passed","title":"renders size=md without error"},{"ancestorTitles":["Modal"],"duration":12,"failing":false,"failureDetails":[],"failureMessages":[],"fullName":"Modal renders size=lg without error","invocations":1,"location":null,"numPassingAsserts":1,"retryReasons":[],"startAt":1773237109022,"status":"passed","title":"renders size=lg without error"}],"endTime":1773237109038,"message":"","name":"C:\\Users\\Dell\\Desktop\\Year3\\SW cons\\2025-ITCS383-Chongyai\\implementations\\frontend\\src\\__tests__\\components\\ui\\Modal.test.tsx","startTime":1773237108576,"status":"passed","summary":""},{"assertionResults":[{"ancestorTitles":["auth lib","getToken"],"duration":1,"failing":false,"failureDetails":[],"failureMessages":[],"fullName":"auth lib getToken returns null when no token in localStorage","invocations":1,"location":null,"numPassingAsserts":1,"retryReasons":[],"startAt":1773237109273,"status":"passed","title":"returns null when no token in localStorage"},{"ancestorTitles":["auth lib","getToken"],"duration":1,"failing":false,"failureDetails":[],"failureMessages":[],"fullName":"auth lib getToken returns token when stored in localStorage","invocations":1,"location":null,"numPassingAsserts":1,"retryReasons":[],"startAt":1773237109274,"status":"passed","title":"returns token when stored in localStorage"},{"ancestorTitles":["auth lib","setToken"],"duration":1,"failing":false,"failureDetails":[],"failureMessages":[],"fullName":"auth lib setToken stores token in localStorage","invocations":1,"location":null,"numPassingAsserts":1,"retryReasons":[],"startAt":1773237109275,"status":"passed","title":"stores token in localStorage"},{"ancestorTitles":["auth lib","setToken"],"duration":2,"failing":false,"failureDetails":[],"failureMessages":[],"fullName":"auth lib setToken sets auth-token cookie","invocations":1,"location":null,"numPassingAsserts":1,"retryReasons":[],"startAt":1773237109276,"status":"passed","title":"sets auth-token cookie"},{"ancestorTitles":["auth lib","removeToken"],"duration":1,"failing":false,"failureDetails":[],"failureMessages":[],"fullName":"auth lib removeToken removes token and user from localStorage","invocations":1,"location":null,"numPassingAsserts":2,"retryReasons":[],"startAt":1773237109278,"status":"passed","title":"removes token and user from localStorage"},{"ancestorTitles":["auth lib","removeToken"],"duration":2,"failing":false,"failureDetails":[],"failureMessages":[],"fullName":"auth lib removeToken clears auth-token cookie","invocations":1,"location":null,"numPassingAsserts":1,"retryReasons":[],"startAt":1773237109279,"status":"passed","title":"clears auth-token cookie"},{"ancestorTitles":["auth lib","setUser"],"duration":1,"failing":false,"failureDetails":[],"failureMessages":[],"fullName":"auth lib setUser stores user as JSON in localStorage","invocations":1,"location":null,"numPassingAsserts":2,"retryReasons":[],"startAt":1773237109281,"status":"passed","title":"stores user as JSON in localStorage"},{"ancestorTitles":["auth lib","getStoredUser"],"duration":1,"failing":false,"failureDetails":[],"failureMessages":[],"fullName":"auth lib getStoredUser returns null when no user stored","invocations":1,"location":null,"numPassingAsserts":1,"retryReasons":[],"startAt":1773237109283,"status":"passed","title":"returns null when no user stored"},{"ancestorTitles":["auth lib","getStoredUser"],"duration":5,"failing":false,"failureDetails":[],"failureMessages":[],"fullName":"auth lib getStoredUser returns parsed user when stored","invocations":1,"location":null,"numPassingAsserts":1,"retryReasons":[],"startAt":1773237109285,"status":"passed","title":"returns parsed user when stored"},{"ancestorTitles":["auth lib","getStoredUser"],"duration":1,"failing":false,"failureDetails":[],"failureMessages":[],"fullName":"auth lib getStoredUser returns null when stored value is invalid JSON","invocations":1,"location":null,"numPassingAsserts":1,"retryReasons":[],"startAt":1773237109291,"status":"passed","title":"returns null when stored value is invalid JSON"},{"ancestorTitles":["auth lib","getDashboardPath"],"duration":1,"failing":false,"failureDetails":[],"failureMessages":[],"fullName":"auth lib getDashboardPath returns applicant dashboard for APPLICANT role","invocations":1,"location":null,"numPassingAsserts":1,"retryReasons":[],"startAt":1773237109294,"status":"passed","title":"returns applicant dashboard for APPLICANT role"},{"ancestorTitles":["auth lib","getDashboardPath"],"duration":2,"failing":false,"failureDetails":[],"failureMessages":[],"fullName":"auth lib getDashboardPath returns recruiter dashboard for RECRUITER role","invocations":1,"location":null,"numPassingAsserts":1,"retryReasons":[],"startAt":1773237109296,"status":"passed","title":"returns recruiter dashboard for RECRUITER role"},{"ancestorTitles":["auth lib","getDashboardPath"],"duration":2,"failing":false,"failureDetails":[],"failureMessages":[],"fullName":"auth lib getDashboardPath returns admin dashboard for ADMIN role","invocations":1,"location":null,"numPassingAsserts":1,"retryReasons":[],"startAt":1773237109299,"status":"passed","title":"returns admin dashboard for ADMIN role"}],"endTime":1773237109304,"message":"","name":"C:\\Users\\Dell\\Desktop\\Year3\\SW cons\\2025-ITCS383-Chongyai\\implementations\\frontend\\src\\__tests__\\lib\\auth.test.ts","startTime":1773237109070,"status":"passed","summary":""},{"assertionResults":[{"ancestorTitles":["ChatMessage"],"duration":8,"failing":false,"failureDetails":[],"failureMessages":[],"fullName":"ChatMessage renders message content","invocations":1,"location":null,"numPassingAsserts":1,"retryReasons":[],"startAt":1773237109682,"status":"passed","title":"renders message content"},{"ancestorTitles":["ChatMessage"],"duration":6,"failing":false,"failureDetails":[],"failureMessages":[],"fullName":"ChatMessage renders user message without bot icon","invocations":1,"location":null,"numPassingAsserts":1,"retryReasons":[],"startAt":1773237109692,"status":"passed","title":"renders user message without bot icon"},{"ancestorTitles":["ChatMessage"],"duration":12,"failing":false,"failureDetails":[],"failureMessages":[],"fullName":"ChatMessage renders bot message with bot layout","invocations":1,"location":null,"numPassingAsserts":1,"retryReasons":[],"startAt":1773237109699,"status":"passed","title":"renders bot message with bot layout"},{"ancestorTitles":["ChatMessage"],"duration":5,"failing":false,"failureDetails":[],"failureMessages":[],"fullName":"ChatMessage renders time ago text","invocations":1,"location":null,"numPassingAsserts":1,"retryReasons":[],"startAt":1773237109713,"status":"passed","title":"renders time ago text"},{"ancestorTitles":["ChatMessage"],"duration":8,"failing":false,"failureDetails":[],"failureMessages":[],"fullName":"ChatMessage renders bot message content","invocations":1,"location":null,"numPassingAsserts":1,"retryReasons":[],"startAt":1773237109720,"status":"passed","title":"renders bot message content"}],"endTime":1773237109733,"message":"","name":"C:\\Users\\Dell\\Desktop\\Year3\\SW cons\\2025-ITCS383-Chongyai\\implementations\\frontend\\src\\__tests__\\components\\chat\\ChatMessage.test.tsx","startTime":1773237109322,"status":"passed","summary":""},{"assertionResults":[{"ancestorTitles":["StatsCard"],"duration":8,"failing":false,"failureDetails":[],"failureMessages":[],"fullName":"StatsCard renders title and numeric value","invocations":1,"location":null,"numPassingAsserts":2,"retryReasons":[],"startAt":1773237110124,"status":"passed","title":"renders title and numeric value"},{"ancestorTitles":["StatsCard"],"duration":4,"failing":false,"failureDetails":[],"failureMessages":[],"fullName":"StatsCard renders string value","invocations":1,"location":null,"numPassingAsserts":1,"retryReasons":[],"startAt":1773237110133,"status":"passed","title":"renders string value"},{"ancestorTitles":["StatsCard"],"duration":6,"failing":false,"failureDetails":[],"failureMessages":[],"fullName":"StatsCard renders description when provided","invocations":1,"location":null,"numPassingAsserts":1,"retryReasons":[],"startAt":1773237110139,"status":"passed","title":"renders description when provided"},{"ancestorTitles":["StatsCard"],"duration":8,"failing":false,"failureDetails":[],"failureMessages":[],"fullName":"StatsCard does not render description when not provided","invocations":1,"location":null,"numPassingAsserts":1,"retryReasons":[],"startAt":1773237110147,"status":"passed","title":"does not render description when not provided"},{"ancestorTitles":["StatsCard"],"duration":8,"failing":false,"failureDetails":[],"failureMessages":[],"fullName":"StatsCard renders color=orange without error","invocations":1,"location":null,"numPassingAsserts":1,"retryReasons":[],"startAt":1773237110158,"status":"passed","title":"renders color=orange without error"},{"ancestorTitles":["StatsCard"],"duration":5,"failing":false,"failureDetails":[],"failureMessages":[],"fullName":"StatsCard renders color=yellow without error","invocations":1,"location":null,"numPassingAsserts":1,"retryReasons":[],"startAt":1773237110168,"status":"passed","title":"renders color=yellow without error"},{"ancestorTitles":["StatsCard"],"duration":6,"failing":false,"failureDetails":[],"failureMessages":[],"fullName":"StatsCard renders color=green without error","invocations":1,"location":null,"numPassingAsserts":1,"retryReasons":[],"startAt":1773237110175,"status":"passed","title":"renders color=green without error"},{"ancestorTitles":["StatsCard"],"duration":5,"failing":false,"failureDetails":[],"failureMessages":[],"fullName":"StatsCard renders color=blue without error","invocations":1,"location":null,"numPassingAsserts":1,"retryReasons":[],"startAt":1773237110182,"status":"passed","title":"renders color=blue without error"},{"ancestorTitles":["StatsCard"],"duration":9,"failing":false,"failureDetails":[],"failureMessages":[],"fullName":"StatsCard formats large numbers with locale string","invocations":1,"location":null,"numPassingAsserts":1,"retryReasons":[],"startAt":1773237110190,"status":"passed","title":"formats large numbers with locale string"}],"endTime":1773237110202,"message":"","name":"C:\\Users\\Dell\\Desktop\\Year3\\SW cons\\2025-ITCS383-Chongyai\\implementations\\frontend\\src\\__tests__\\components\\dashboard\\StatsCard.test.tsx","startTime":1773237109754,"status":"passed","summary":""},{"assertionResults":[{"ancestorTitles":["Input"],"duration":13,"failing":false,"failureDetails":[],"failureMessages":[],"fullName":"Input renders without label","invocations":1,"location":null,"numPassingAsserts":1,"retryReasons":[],"startAt":1773237110583,"status":"passed","title":"renders without label"},{"ancestorTitles":["Input"],"duration":12,"failing":false,"failureDetails":[],"failureMessages":[],"fullName":"Input renders with label and associates it to input","invocations":1,"location":null,"numPassingAsserts":2,"retryReasons":[],"startAt":1773237110597,"status":"passed","title":"renders with label and associates it to input"},{"ancestorTitles":["Input"],"duration":10,"failing":false,"failureDetails":[],"failureMessages":[],"fullName":"Input renders error message and applies error styling","invocations":1,"location":null,"numPassingAsserts":1,"retryReasons":[],"startAt":1773237110612,"status":"passed","title":"renders error message and applies error styling"},{"ancestorTitles":["Input"],"duration":9,"failing":false,"failureDetails":[],"failureMessages":[],"fullName":"Input renders helper text when no error","invocations":1,"location":null,"numPassingAsserts":1,"retryReasons":[],"startAt":1773237110625,"status":"passed","title":"renders helper text when no error"},{"ancestorTitles":["Input"],"duration":15,"failing":false,"failureDetails":[],"failureMessages":[],"fullName":"Input does not render helper text when error is present","invocations":1,"location":null,"numPassingAsserts":2,"retryReasons":[],"startAt":1773237110637,"status":"passed","title":"does not render helper text when error is present"},{"ancestorTitles":["Input"],"duration":128,"failing":false,"failureDetails":[],"failureMessages":[],"fullName":"Input accepts user input","invocations":1,"location":null,"numPassingAsserts":1,"retryReasons":[],"startAt":1773237110662,"status":"passed","title":"accepts user input"},{"ancestorTitles":["Input"],"duration":6,"failing":false,"failureDetails":[],"failureMessages":[],"fullName":"Input uses provided id over auto-generated one","invocations":1,"location":null,"numPassingAsserts":1,"retryReasons":[],"startAt":1773237110791,"status":"passed","title":"uses provided id over auto-generated one"},{"ancestorTitles":["Input"],"duration":12,"failing":false,"failureDetails":[],"failureMessages":[],"fullName":"Input auto-generates id from label","invocations":1,"location":null,"numPassingAsserts":1,"retryReasons":[],"startAt":1773237110799,"status":"passed","title":"auto-generates id from label"}],"endTime":1773237110820,"message":"","name":"C:\\Users\\Dell\\Desktop\\Year3\\SW cons\\2025-ITCS383-Chongyai\\implementations\\frontend\\src\\__tests__\\components\\ui\\Input.test.tsx","startTime":1773237110231,"status":"passed","summary":""},{"assertionResults":[{"ancestorTitles":["Sidebar"],"duration":16,"failing":false,"failureDetails":[],"failureMessages":[],"fullName":"Sidebar renders applicant nav items","invocations":1,"location":null,"numPassingAsserts":4,"retryReasons":[],"startAt":1773237111100,"status":"passed","title":"renders applicant nav items"},{"ancestorTitles":["Sidebar"],"duration":4,"failing":false,"failureDetails":[],"failureMessages":[],"fullName":"Sidebar renders recruiter nav items","invocations":1,"location":null,"numPassingAsserts":2,"retryReasons":[],"startAt":1773237111117,"status":"passed","title":"renders recruiter nav items"},{"ancestorTitles":["Sidebar"],"duration":6,"failing":false,"failureDetails":[],"failureMessages":[],"fullName":"Sidebar renders admin nav items","invocations":1,"location":null,"numPassingAsserts":3,"retryReasons":[],"startAt":1773237111122,"status":"passed","title":"renders admin nav items"},{"ancestorTitles":["Sidebar"],"duration":7,"failing":false,"failureDetails":[],"failureMessages":[],"fullName":"Sidebar marks active item based on pathname","invocations":1,"location":null,"numPassingAsserts":1,"retryReasons":[],"startAt":1773237111129,"status":"passed","title":"marks active item based on pathname"},{"ancestorTitles":["Sidebar"],"duration":11,"failing":false,"failureDetails":[],"failureMessages":[],"fullName":"Sidebar does not mark non-active items","invocations":1,"location":null,"numPassingAsserts":1,"retryReasons":[],"startAt":1773237111138,"status":"passed","title":"does not mark non-active items"}],"endTime":1773237111152,"message":"","name":"C:\\Users\\Dell\\Desktop\\Year3\\SW cons\\2025-ITCS383-Chongyai\\implementations\\frontend\\src\\__tests__\\components\\layout\\Sidebar.test.tsx","startTime":1773237110872,"status":"passed","summary":""},{"assertionResults":[{"ancestorTitles":["Badge"],"duration":12,"failing":false,"failureDetails":[],"failureMessages":[],"fullName":"Badge renders children","invocations":1,"location":null,"numPassingAsserts":1,"retryReasons":[],"startAt":1773237111355,"status":"passed","title":"renders children"},{"ancestorTitles":["Badge"],"duration":2,"failing":false,"failureDetails":[],"failureMessages":[],"fullName":"Badge applies custom className","invocations":1,"location":null,"numPassingAsserts":1,"retryReasons":[],"startAt":1773237111368,"status":"passed","title":"applies custom className"},{"ancestorTitles":["Badge"],"duration":3,"failing":false,"failureDetails":[],"failureMessages":[],"fullName":"Badge renders variant=default without error","invocations":1,"location":null,"numPassingAsserts":1,"retryReasons":[],"startAt":1773237111371,"status":"passed","title":"renders variant=default without error"},{"ancestorTitles":["Badge"],"duration":2,"failing":false,"failureDetails":[],"failureMessages":[],"fullName":"Badge renders variant=success without error","invocations":1,"location":null,"numPassingAsserts":1,"retryReasons":[],"startAt":1773237111375,"status":"passed","title":"renders variant=success without error"},{"ancestorTitles":["Badge"],"duration":3,"failing":false,"failureDetails":[],"failureMessages":[],"fullName":"Badge renders variant=error without error","invocations":1,"location":null,"numPassingAsserts":1,"retryReasons":[],"startAt":1773237111378,"status":"passed","title":"renders variant=error without error"},{"ancestorTitles":["Badge"],"duration":2,"failing":false,"failureDetails":[],"failureMessages":[],"fullName":"Badge renders variant=warning without error","invocations":1,"location":null,"numPassingAsserts":1,"retryReasons":[],"startAt":1773237111382,"status":"passed","title":"renders variant=warning without error"},{"ancestorTitles":["Badge"],"duration":2,"failing":false,"failureDetails":[],"failureMessages":[],"fullName":"Badge renders variant=info without error","invocations":1,"location":null,"numPassingAsserts":1,"retryReasons":[],"startAt":1773237111384,"status":"passed","title":"renders variant=info without error"},{"ancestorTitles":["Badge"],"duration":1,"failing":false,"failureDetails":[],"failureMessages":[],"fullName":"Badge renders variant=orange without error","invocations":1,"location":null,"numPassingAsserts":1,"retryReasons":[],"startAt":1773237111386,"status":"passed","title":"renders variant=orange without error"},{"ancestorTitles":["Badge"],"duration":5,"failing":false,"failureDetails":[],"failureMessages":[],"fullName":"Badge renders variant=yellow without error","invocations":1,"location":null,"numPassingAsserts":1,"retryReasons":[],"startAt":1773237111388,"status":"passed","title":"renders variant=yellow without error"},{"ancestorTitles":["Badge"],"duration":4,"failing":false,"failureDetails":[],"failureMessages":[],"fullName":"Badge renders variant=secondary without error","invocations":1,"location":null,"numPassingAsserts":1,"retryReasons":[],"startAt":1773237111394,"status":"passed","title":"renders variant=secondary without error"},{"ancestorTitles":["Badge"],"duration":7,"failing":false,"failureDetails":[],"failureMessages":[],"fullName":"Badge renders variant=destructive without error","invocations":1,"location":null,"numPassingAsserts":1,"retryReasons":[],"startAt":1773237111400,"status":"passed","title":"renders variant=destructive without error"},{"ancestorTitles":["ApplicationStatusBadge"],"duration":7,"failing":false,"failureDetails":[],"failureMessages":[],"fullName":"ApplicationStatusBadge renders label for status=APPLIED","invocations":1,"location":null,"numPassingAsserts":1,"retryReasons":[],"startAt":1773237111408,"status":"passed","title":"renders label for status=APPLIED"},{"ancestorTitles":["ApplicationStatusBadge"],"duration":5,"failing":false,"failureDetails":[],"failureMessages":[],"fullName":"ApplicationStatusBadge renders label for status=REVIEWING","invocations":1,"location":null,"numPassingAsserts":1,"retryReasons":[],"startAt":1773237111417,"status":"passed","title":"renders label for status=REVIEWING"},{"ancestorTitles":["ApplicationStatusBadge"],"duration":8,"failing":false,"failureDetails":[],"failureMessages":[],"fullName":"ApplicationStatusBadge renders label for status=INTERVIEWING","invocations":1,"location":null,"numPassingAsserts":1,"retryReasons":[],"startAt":1773237111424,"status":"passed","title":"renders label for status=INTERVIEWING"},{"ancestorTitles":["ApplicationStatusBadge"],"duration":2,"failing":false,"failureDetails":[],"failureMessages":[],"fullName":"ApplicationStatusBadge renders label for status=ACCEPTED","invocations":1,"location":null,"numPassingAsserts":1,"retryReasons":[],"startAt":1773237111433,"status":"passed","title":"renders label for status=ACCEPTED"},{"ancestorTitles":["ApplicationStatusBadge"],"duration":3,"failing":false,"failureDetails":[],"failureMessages":[],"fullName":"ApplicationStatusBadge renders label for status=REJECTED","invocations":1,"location":null,"numPassingAsserts":1,"retryReasons":[],"startAt":1773237111436,"status":"passed","title":"renders label for status=REJECTED"},{"ancestorTitles":["JobTypeBadge"],"duration":5,"failing":false,"failureDetails":[],"failureMessages":[],"fullName":"JobTypeBadge renders label for type=FULL_TIME","invocations":1,"location":null,"numPassingAsserts":1,"retryReasons":[],"startAt":1773237111443,"status":"passed","title":"renders label for type=FULL_TIME"},{"ancestorTitles":["JobTypeBadge"],"duration":4,"failing":false,"failureDetails":[],"failureMessages":[],"fullName":"JobTypeBadge renders label for type=PART_TIME","invocations":1,"location":null,"numPassingAsserts":1,"retryReasons":[],"startAt":1773237111450,"status":"passed","title":"renders label for type=PART_TIME"},{"ancestorTitles":["JobTypeBadge"],"duration":4,"failing":false,"failureDetails":[],"failureMessages":[],"fullName":"JobTypeBadge renders label for type=CONTRACT","invocations":1,"location":null,"numPassingAsserts":1,"retryReasons":[],"startAt":1773237111455,"status":"passed","title":"renders label for type=CONTRACT"},{"ancestorTitles":["JobTypeBadge"],"duration":3,"failing":false,"failureDetails":[],"failureMessages":[],"fullName":"JobTypeBadge renders label for type=INTERNSHIP","invocations":1,"location":null,"numPassingAsserts":1,"retryReasons":[],"startAt":1773237111461,"status":"passed","title":"renders label for type=INTERNSHIP"},{"ancestorTitles":["JobTypeBadge"],"duration":1,"failing":false,"failureDetails":[],"failureMessages":[],"fullName":"JobTypeBadge renders label for type=REMOTE","invocations":1,"location":null,"numPassingAsserts":1,"retryReasons":[],"startAt":1773237111465,"status":"passed","title":"renders label for type=REMOTE"},{"ancestorTitles":["InterviewStatusBadge"],"duration":3,"failing":false,"failureDetails":[],"failureMessages":[],"fullName":"InterviewStatusBadge renders status=SCHEDULED","invocations":1,"location":null,"numPassingAsserts":1,"retryReasons":[],"startAt":1773237111467,"status":"passed","title":"renders status=SCHEDULED"},{"ancestorTitles":["InterviewStatusBadge"],"duration":3,"failing":false,"failureDetails":[],"failureMessages":[],"fullName":"InterviewStatusBadge renders status=COMPLETED","invocations":1,"location":null,"numPassingAsserts":1,"retryReasons":[],"startAt":1773237111471,"status":"passed","title":"renders status=COMPLETED"},{"ancestorTitles":["InterviewStatusBadge"],"duration":3,"failing":false,"failureDetails":[],"failureMessages":[],"fullName":"InterviewStatusBadge renders status=CANCELLED","invocations":1,"location":null,"numPassingAsserts":1,"retryReasons":[],"startAt":1773237111474,"status":"passed","title":"renders status=CANCELLED"}],"endTime":1773237111479,"message":"","name":"C:\\Users\\Dell\\Desktop\\Year3\\SW cons\\2025-ITCS383-Chongyai\\implementations\\frontend\\src\\__tests__\\components\\ui\\Badge.test.tsx","startTime":1773237111166,"status":"passed","summary":""},{"assertionResults":[{"ancestorTitles":["Spinner"],"duration":14,"failing":false,"failureDetails":[],"failureMessages":[],"fullName":"Spinner renders with default role and aria-label","invocations":1,"location":null,"numPassingAsserts":2,"retryReasons":[],"startAt":1773237111702,"status":"passed","title":"renders with default role and aria-label"},{"ancestorTitles":["Spinner"],"duration":4,"failing":false,"failureDetails":[],"failureMessages":[],"fullName":"Spinner renders size=sm without error","invocations":1,"location":null,"numPassingAsserts":1,"retryReasons":[],"startAt":1773237111717,"status":"passed","title":"renders size=sm without error"},{"ancestorTitles":["Spinner"],"duration":11,"failing":false,"failureDetails":[],"failureMessages":[],"fullName":"Spinner renders size=md without error","invocations":1,"location":null,"numPassingAsserts":1,"retryReasons":[],"startAt":1773237111723,"status":"passed","title":"renders size=md without error"},{"ancestorTitles":["Spinner"],"duration":8,"failing":false,"failureDetails":[],"failureMessages":[],"fullName":"Spinner renders size=lg without error","invocations":1,"location":null,"numPassingAsserts":1,"retryReasons":[],"startAt":1773237111735,"status":"passed","title":"renders size=lg without error"},{"ancestorTitles":["Spinner"],"duration":10,"failing":false,"failureDetails":[],"failureMessages":[],"fullName":"Spinner applies custom className","invocations":1,"location":null,"numPassingAsserts":1,"retryReasons":[],"startAt":1773237111746,"status":"passed","title":"applies custom className"}],"endTime":1773237111762,"message":"","name":"C:\\Users\\Dell\\Desktop\\Year3\\SW cons\\2025-ITCS383-Chongyai\\implementations\\frontend\\src\\__tests__\\components\\ui\\Spinner.test.tsx","startTime":1773237111495,"status":"passed","summary":""},{"assertionResults":[{"ancestorTitles":["ChartPlaceholder"],"duration":4,"failing":false,"failureDetails":[],"failureMessages":[],"fullName":"ChartPlaceholder renders title","invocations":1,"location":null,"numPassingAsserts":1,"retryReasons":[],"startAt":1773237111959,"status":"passed","title":"renders title"},{"ancestorTitles":["ChartPlaceholder"],"duration":9,"failing":false,"failureDetails":[],"failureMessages":[],"fullName":"ChartPlaceholder renders all bar labels","invocations":1,"location":null,"numPassingAsserts":3,"retryReasons":[],"startAt":1773237111964,"status":"passed","title":"renders all bar labels"},{"ancestorTitles":["ChartPlaceholder"],"duration":10,"failing":false,"failureDetails":[],"failureMessages":[],"fullName":"ChartPlaceholder renders all bar values","invocations":1,"location":null,"numPassingAsserts":3,"retryReasons":[],"startAt":1773237111975,"status":"passed","title":"renders all bar values"},{"ancestorTitles":["ChartPlaceholder"],"duration":8,"failing":false,"failureDetails":[],"failureMessages":[],"fullName":"ChartPlaceholder handles empty data without crash","invocations":1,"location":null,"numPassingAsserts":1,"retryReasons":[],"startAt":1773237111986,"status":"passed","title":"handles empty data without crash"}],"endTime":1773237111998,"message":"","name":"C:\\Users\\Dell\\Desktop\\Year3\\SW cons\\2025-ITCS383-Chongyai\\implementations\\frontend\\src\\__tests__\\components\\dashboard\\ChartPlaceholder.test.tsx","startTime":1773237111781,"status":"passed","summary":""},{"assertionResults":[{"ancestorTitles":["Footer"],"duration":63,"failing":false,"failureDetails":[],"failureMessages":[],"fullName":"Footer renders brand name","invocations":1,"location":null,"numPassingAsserts":1,"retryReasons":[],"startAt":1773237112418,"status":"passed","title":"renders brand name"},{"ancestorTitles":["Footer"],"duration":39,"failing":false,"failureDetails":[],"failureMessages":[],"fullName":"Footer renders For Job Seekers section","invocations":1,"location":null,"numPassingAsserts":2,"retryReasons":[],"startAt":1773237112486,"status":"passed","title":"renders For Job Seekers section"},{"ancestorTitles":["Footer"],"duration":34,"failing":false,"failureDetails":[],"failureMessages":[],"fullName":"Footer renders For Employers section","invocations":1,"location":null,"numPassingAsserts":3,"retryReasons":[],"startAt":1773237112528,"status":"passed","title":"renders For Employers section"},{"ancestorTitles":["Footer"],"duration":15,"failing":false,"failureDetails":[],"failureMessages":[],"fullName":"Footer renders current year in copyright","invocations":1,"location":null,"numPassingAsserts":1,"retryReasons":[],"startAt":1773237112565,"status":"passed","title":"renders current year in copyright"}],"endTime":1773237112584,"message":"","name":"C:\\Users\\Dell\\Desktop\\Year3\\SW cons\\2025-ITCS383-Chongyai\\implementations\\frontend\\src\\__tests__\\components\\layout\\Footer.test.tsx","startTime":1773237112017,"status":"passed","summary":""},{"assertionResults":[{"ancestorTitles":["Card"],"duration":12,"failing":false,"failureDetails":[],"failureMessages":[],"fullName":"Card renders children","invocations":1,"location":null,"numPassingAsserts":1,"retryReasons":[],"startAt":1773237113106,"status":"passed","title":"renders children"},{"ancestorTitles":["Card"],"duration":5,"failing":false,"failureDetails":[],"failureMessages":[],"fullName":"Card applies custom className","invocations":1,"location":null,"numPassingAsserts":1,"retryReasons":[],"startAt":1773237113132,"status":"passed","title":"applies custom className"},{"ancestorTitles":["Card"],"duration":9,"failing":false,"failureDetails":[],"failureMessages":[],"fullName":"Card renders padding=sm without error","invocations":1,"location":null,"numPassingAsserts":1,"retryReasons":[],"startAt":1773237113139,"status":"passed","title":"renders padding=sm without error"},{"ancestorTitles":["Card"],"duration":4,"failing":false,"failureDetails":[],"failureMessages":[],"fullName":"Card renders padding=md without error","invocations":1,"location":null,"numPassingAsserts":1,"retryReasons":[],"startAt":1773237113151,"status":"passed","title":"renders padding=md without error"},{"ancestorTitles":["Card"],"duration":8,"failing":false,"failureDetails":[],"failureMessages":[],"fullName":"Card renders padding=lg without error","invocations":1,"location":null,"numPassingAsserts":1,"retryReasons":[],"startAt":1773237113157,"status":"passed","title":"renders padding=lg without error"},{"ancestorTitles":["Card"],"duration":8,"failing":false,"failureDetails":[],"failureMessages":[],"fullName":"Card applies hover class when hover=true","invocations":1,"location":null,"numPassingAsserts":1,"retryReasons":[],"startAt":1773237113167,"status":"passed","title":"applies hover class when hover=true"},{"ancestorTitles":["Card"],"duration":8,"failing":false,"failureDetails":[],"failureMessages":[],"fullName":"Card does not apply hover class by default","invocations":1,"location":null,"numPassingAsserts":1,"retryReasons":[],"startAt":1773237113180,"status":"passed","title":"does not apply hover class by default"}],"endTime":1773237113201,"message":"","name":"C:\\Users\\Dell\\Desktop\\Year3\\SW cons\\2025-ITCS383-Chongyai\\implementations\\frontend\\src\\__tests__\\components\\ui\\Card.test.tsx","startTime":1773237112604,"status":"passed","summary":""},{"assertionResults":[{"ancestorTitles":["getApiErrorMessage"],"duration":1,"failing":false,"failureDetails":[],"failureMessages":[],"fullName":"getApiErrorMessage returns error message from axios response data","invocations":1,"location":null,"numPassingAsserts":1,"retryReasons":[],"startAt":1773237113787,"status":"passed","title":"returns error message from axios response data"},{"ancestorTitles":["getApiErrorMessage"],"duration":3,"failing":false,"failureDetails":[],"failureMessages":[],"fullName":"getApiErrorMessage falls back to axios error message when no response data error","invocations":1,"location":null,"numPassingAsserts":1,"retryReasons":[],"startAt":1773237113793,"status":"passed","title":"falls back to axios error message when no response data error"},{"ancestorTitles":["getApiErrorMessage"],"duration":3,"failing":false,"failureDetails":[],"failureMessages":[],"fullName":"getApiErrorMessage returns message from generic Error","invocations":1,"location":null,"numPassingAsserts":1,"retryReasons":[],"startAt":1773237113797,"status":"passed","title":"returns message from generic Error"},{"ancestorTitles":["getApiErrorMessage"],"duration":2,"failing":false,"failureDetails":[],"failureMessages":[],"fullName":"getApiErrorMessage returns fallback string for unknown errors","invocations":1,"location":null,"numPassingAsserts":1,"retryReasons":[],"startAt":1773237113803,"status":"passed","title":"returns fallback string for unknown errors"},{"ancestorTitles":["getApiErrorMessage"],"duration":3,"failing":false,"failureDetails":[],"failureMessages":[],"fullName":"getApiErrorMessage returns fallback when axios response data has no error field","invocations":1,"location":null,"numPassingAsserts":1,"retryReasons":[],"startAt":1773237113807,"status":"passed","title":"returns fallback when axios response data has no error field"}],"endTime":1773237113813,"message":"","name":"C:\\Users\\Dell\\Desktop\\Year3\\SW cons\\2025-ITCS383-Chongyai\\implementations\\frontend\\src\\__tests__\\lib\\api.test.ts","startTime":1773237113257,"status":"passed","summary":""}],"wasInterrupted":false,"coverageMap":{"C:\\Users\\Dell\\Desktop\\Year3\\SW cons\\2025-ITCS383-Chongyai\\implementations\\frontend\\src\\components\\jobs\\JobFilter.tsx":{"path":"C:\\Users\\Dell\\Desktop\\Year3\\SW cons\\2025-ITCS383-Chongyai\\implementations\\frontend\\src\\components\\jobs\\JobFilter.tsx","statementMap":{"0":{"start":{"line":22,"column":16},"end":{"line":22,"column":26}},"1":{"start":{"line":3,"column":38},"end":{"line":3,"column":null}},"2":{"start":{"line":4,"column":42},"end":{"line":4,"column":null}},"3":{"start":{"line":5,"column":22},"end":{"line":5,"column":null}},"4":{"start":{"line":6,"column":23},"end":{"line":6,"column":null}},"5":{"start":{"line":7,"column":23},"end":{"line":7,"column":null}},"6":{"start":{"line":10,"column":25},"end":{"line":16,"column":null}},"7":{"start":{"line":23,"column":20},"end":{"line":23,"column":null}},"8":{"start":{"line":24,"column":32},"end":{"line":24,"column":null}},"9":{"start":{"line":25,"column":34},"end":{"line":25,"column":null}},"10":{"start":{"line":26,"column":36},"end":{"line":26,"column":null}},"11":{"start":{"line":27,"column":36},"end":{"line":27,"column":null}},"12":{"start":{"line":29,"column":23},"end":{"line":37,"column":null}},"13":{"start":{"line":30,"column":4},"end":{"line":36,"column":null}},"14":{"start":{"line":39,"column":22},"end":{"lin
[...]
":11},"end":{"line":42,"column":null}},"type":"cond-expr","locations":[{"start":{"line":42,"column":30},"end":{"line":42,"column":49}},{"start":{"line":42,"column":49},"end":{"line":42,"column":null}}]},"6":{"loc":{"start":{"line":46,"column":7},"end":{"line":46,"column":null}},"type":"binary-expr","locations":[{"start":{"line":46,"column":7},"end":{"line":46,"column":null}}]},"7":{"loc":{"start":{"line":55,"column":9},"end":{"line":64,"column":58}},"type":"cond-expr","locations":[{"start":{"line":56,"column":10},"end":{"line":59,"column":21}},{"start":{"line":59,"column":12},"end":{"line":64,"column":58}}]},"8":{"loc":{"start":{"line":59,"column":12},"end":{"line":64,"column":58}},"type":"cond-expr","locations":[{"start":{"line":60,"column":10},"end":{"line":64,"column":19}},{"start":{"line":64,"column":10},"end":{"line":64,"column":58}}]},"9":{"loc":{"start":{"line":74,"column":30},"end":{"line":74,"column":106}},"type":"if","locations":[{"start":{"line":74,"column":30},"end":{"line":74,"column":106}},{"start":{},"end":{}}]},"10":{"loc":{"start":{"line":74,"column":34},"end":{"line":74,"column":66}},"type":"binary-expr","locations":[{"start":{"line":74,"column":34},"end":{"line":74,"column":55}},{"start":{"line":74,"column":55},"end":{"line":74,"column":66}}]},"11":{"loc":{"start":{"line":81,"column":20},"end":{"line":81,"column":null}},"type":"binary-expr","locations":[{"start":{"line":81,"column":20},"end":{"line":81,"column":33}},{"start":{"line":81,"column":33},"end":{"line":81,"column":null}}]},"12":{"loc":{"start":{"line":85,"column":23},"end":{"line":85,"column":48}},"type":"cond-expr","locations":[{"start":{"line":85,"column":23},"end":{"line":85,"column":48}}]}},"s":{"0":0,"1":0,"2":0,"3":0,"4":0,"5":0,"6":0,"7":0,"8":0,"9":0,"10":0,"11":0,"12":0,"13":0,"14":0,"15":0,"16":0,"17":0,"18":0,"19":0,"20":0,"21":0},"f":{"0":0,"1":0,"2":0,"3":0,"4":0,"5":0},"b":{"0":[0],"1":[0,0],"2":[0,0],"3":[0,0],"4":[0,0],"5":[0,0],"6":[0],"7":[0,0],"8":[0,0],"9":[0,0],"10":[0,0],"11":[0,0],"12":[0]}},"C:\\Users\\Dell\\Desktop\\Year3\\SW cons\\2025-ITCS383-Chongyai\\implementations\\frontend\\src\\components\\layout\\DashboardLayout.tsx":{"path":"C:\\Users\\Dell\\Desktop\\Year3\\SW cons\\2025-ITCS383-Chongyai\\implementations\\frontend\\src\\components\\layout\\DashboardLayout.tsx","statementMap":{"0":{"start":{"line":10,"column":16},"end":{"line":10,"column":32}},"1":{"start":{"line":2,"column":24},"end":{"line":2,"column":null}}},"fnMap":{"0":{"name":"DashboardLayout","decl":{"start":{"line":10,"column":16},"end":{"line":10,"column":32}},"loc":{"start":{"line":10,"column":72},"end":{"line":19,"column":null}}}},"branchMap":{},"s":{"0":0,"1":0},"f":{"0":0},"b":{}},"C:\\Users\\Dell\\Desktop\\Year3\\SW cons\\2025-ITCS383-Chongyai\\implementations\\frontend\\src\\components\\conference\\ConferenceRoom.tsx":{"path":"C:\\Users\\Dell\\Desktop\\Year3\\SW cons\\2025-ITCS383-Chongyai\\implementations\\frontend\\src\\components\\conference\\ConferenceRoom.tsx","statementMap":{"0":{"start":{"line":13,"column":16},"end":{"line":13,"column":31}},"1":{"start":{"line":3,"column":36},"end":{"line":3,"column":null}},"2":{"start":{"line":4,"column":71},"end":{"line":4,"column":null}},"3":{"start":{"line":5,"column":40},"end":{"line":5,"column":null}},"4":{"start":{"line":14,"column":38},"end":{"line":14,"column":null}},"5":{"start":{"line":15,"column":32},"end":{"line":15,"column":null}},"6":{"start":{"line":16,"column":40},"end":{"line":16,"column":null}},"7":{"start":{"line":17,"column":36},"end":{"line":17,"column":null}},"8":{"start":{"line":18,"column":28},"end":{"line":18,"column":null}},"9":{"start":{"line":19,"column":36},"end":{"line":19,"column":null}},"10":{"start":{"line":21,"column":2},"end":{"line":50,"column":null}},"11":{"start":{"line":22,"column":22},"end":{"line":31,"column":null}},"12":{"start":{"line":23,"column":6},"end":{"line":30,"column":null}},"13":{"start":{"line":24,"column":20},"end":{"line":24,"column":null}},"14":{"start":{"line":25,"column":8},"end":{"line":25,"column":null}},"15":{"start":{"line":27,"column":8},"end":{"line":27,"column":null}},"16":{"start":{"line":29,"column":8},"end":{"line":29,"column":null}},"17":{"start":{"line":33,"column":21},"end":{"line":40,"column":null}},"18":{"start":{"line":34,"column":6},"end":{"line":39,"column":null}},"19":{"start":{"line":35,"column":8},"end":{"line":35,"column":null}},"20":{"start":{"line":36,"column":8},"end":{"line":36,"column":null}},"21":{"start":{"line":38,"column":8},"end":{"line":38,"column":null}},"22":{"start":{"line":42,"column":4},"end":{"line":42,"column":null}},"23":{"start":{"line":43,"column":4},"end":{"line":43,"column":null}},"24":{"start":{"line":45,"column":4},"end":{"line":49,"column":null}},"25":{"start":{"line":46,"column":6},"end":{"line":48,"column":null}},"26":{"start":{"line":47,"column":8},"end":{"line":47,"column":null}},"27":{"start":{"line":47,"column":68},"end":{"line":47,"column":null}},"28":{"start":{"line":52,"column":22},"end":{"line":55,"column":null}},"29":{"start":{"line":53,"column":4},"end":{"line":53,"column":null}},"30":{"start":{"line":53,"column":70},"end":{"line":53,"column":null}},"31":{"start":{"line":54,"column":4},"end":{"line":54,"column":null}},"32":{"start":{"line":57,"column":2},"end":{"line":66,"column":null}},"33":{"start":{"line":68,"column":2},"end":{"line":77,"column":null}},"34":{"start":{"line":134,"column":25},"end":{"line":134,"column":null}},"35":{"start":{"line":142,"column":25},"end":{"line":142,"column":null}}},"fnMap":{"0":{"name":"ConferenceRoom","decl":{"start":{"line":13,"column":16},"end":{"line":13,"column":31}},"loc":{"start":{"line":13,"column":73},"end":{"line":166,"column":null}}},"1":{"name":"(anonymous_5)","decl":{"start":{"line":21,"column":12},"end":{"line":21,"column":null}},"loc":{"start":{"line":21,"column":12},"end":{"line":50,"column":5}}},"2":{"name":"(anonymous_6)","decl":{"start":{"line":22,"column":22},"end":{"line":22,"column":null}},"loc":{"start":{"line":22,"column":22},"end":{"line":31,"column":null}}},"3":{"name":"(anonymous_7)","decl":{"start":{"line":33,"column":21},"end":{"line":33,"column":null}},"loc":{"start":{"line":33,"column":21},"end":{"line":40,"column":null}}},"4":{"name":"(anonymous_8)","decl":{"start":{"line":45,"column":11},"end":{"line":45,"column":null}},"loc":{"start":{"line":45,"column":11},"end":{"line":49,"column":null}}},"5":{"name":"(anonymous_9)","decl":{"start":{"line":47,"column":62},"end":{"line":47,"column":68}},"loc":{"start":{"line":47,"column":68},"end":{"line":47,"column":null}}},"6":{"name":"(anonymous_10)","decl":{"start":{"line":52,"column":22},"end":{"line":52,"column":null}},"loc":{"start":{"line":52,"column":22},"end":{"line":55,"column":null}}},"7":{"name":"(anonymous_11)","decl":{"start":{"line":53,"column":64},"end":{"line":53,"column":70}},"loc":{"start":{"line":53,"column":70},"end":{"line":53,"column":null}}},"8":{"name":"(anonymous_12)","decl":{"start":{"line":134,"column":19},"end":{"line":134,"column":25}},"loc":{"start":{"line":134,"column":25},"end":{"line":134,"column":null}}},"9":{"name":"(anonymous_13)","decl":{"start":{"line":142,"column":19},"end":{"line":142,"column":25}},"loc":{"start":{"line":142,"column":25},"end":{"line":142,"column":null}}}},"branchMap":{"0":{"loc":{"start":{"line":46,"column":6},"end":{"line":48,"column":null}},"type":"if","locations":[{"start":{"line":46,"column":6},"end":{"line":48,"column":null}},{"start":{},"end":{}}]},"1":{"loc":{"start":{"line":57,"column":2},"end":{"line":66,"column":null}},"type":"if","locations":[{"start":{"line":57,"column":2},"end":{"line":66,"column":null}},{"start":{},"end":{}}]},"2":{"loc":{"start":{"line":68,"column":2},"end":{"line":77,"column":null}},"type":"if","locations":[{"start":{"line":68,"column":2},"end":{"line":77,"column":null}},{"start":{},"end":{}}]},"3":{"loc":{"start":{"line":84,"column":60},"end":{"line":84,"column":null}},"type":"binary-expr","locations":[{"start":{"line":84,"column":60},"end":{"line":84,"column":81}},{"start":{"line":84,"column":81},"end":{"line":84,"column":null}}]},"4":{"loc":{"start":{"line":89,"column":11},"end":{"line":89,"column":49}},"type":"binary-expr","locations":[{"start":{"line":89,"column":11},"end":{"line":89,"column":47}},{"start":{"line":89,"column":47},"end":{"line":89,"column":49}}]},"5":{"loc":{"start":{"line":98,"column":12},"end":{"line":105,"column":13}},"type":"cond-expr","locations":[{"start":{"line":98,"column":12},"end":{"line":105,"column":13}}]},"6":{"loc":{"start":{"line":113,"column":17},"end":{"line":113,"column":null}},"type":"binary-expr","locations":[{"start":{"line":113,"column":17},"end":{"line":113,"column":28}},{"start":{"line":113,"column":28},"end":{"line":113,"column":null}}]},"7":{"loc":{"start":{"line":135,"column":59},"end":{"line":135,"column":138}},"type":"cond-expr","locations":[{"start":{"line":135,"column":69},"end":{"line":135,"column":95}},{"start":{"line":135,"column":95},"end":{"line":135,"column":138}}]},"8":{"loc":{"start":{"line":136,"column":17},"end":{"line":136,"column":null}},"type":"cond-expr","locations":[{"start":{"line":136,"column":27},"end":{"line":136,"column":38}},{"start":{"line":136,"column":38},"end":{"line":136,"column":null}}]},"9":{"loc":{"start":{"line":138,"column":21},"end":{"line":138,"column":55}},"type":"cond-expr","locations":[{"start":{"line":138,"column":21},"end":{"line":138,"column":55}}]},"10":{"loc":{"start":{"line":143,"column":59},"end":{"line":143,"column":142}},"type":"cond-expr","locations":[{"start":{"line":143,"column":73},"end":{"line":143,"column":99}},{"start":{"line":143,"column":99},"end":{"line":143,"column":142}}]},"11":{"loc":{"start":{"line":144,"column":17},"end":{"line":144,"column":null}},"type":"cond-expr","locations":[{"start":{"line":144,"column":31},"end":{"line":144,"column":50}},{"start":{"line":144,"column":50},"end":{"line":144,"column":null}}]},"12":{"loc":{"start":{"line":146,"column":25},"end":{"line":146,"column":61}},"type":"cond-expr","locations":[{"start":{"line":146,"column":25},"end":{"line":146,"column":61}}]}},"s":{"0":0,"1":0,"2":0,"3":0,"4":0,"5":0,"6":0,"7":0,"8":0,"9":0,"10":0,"11":0,"12":0,"13":0,"14":0,"15":0,"16":0,"17":0,"18":0,"19":0,"20":0,"21":0,"22":0,"23":0,"24":0,"25":0,"26":0,"27":0,"28":0,"29":0,"30":0,"31":0,"32":0,"33":0,"34":0,"35":0},"f":{"0":0,"1":0,"2":0,"3":0,"4":0,"5":0,"6":0,"7":0,"8":0,"9":0},"b":{"0":[0,0],"1":[0,0],"2":[0,0],"3":[0,0],"4":[0,0],"5":[0],"6":[0,0],"7":[0,0],"8":[0,0],"9":[0],"10":[0,0],"11":[0,0],"12":[0]}},"C:\\Users\\Dell\\Desktop\\Year3\\SW cons\\2025-ITCS383-Chongyai\\implementations\\frontend\\src\\components\\ui\\index.ts":{"path":"C:\\Users\\Dell\\Desktop\\Year3\\SW cons\\2025-ITCS383-Chongyai\\implementations\\frontend\\src\\components\\ui\\index.ts","statementMap":{"0":{"start":{"line":4,"column":16},"end":{"line":4,"column":40}},"1":{"start":{"line":4,"column":9},"end":{"line":4,"column":16}},"2":{"start":{"line":1,"column":9},"end":{"line":1,"column":23}},"3":{"start":{"line":5,"column":9},"end":{"line":5,"column":21}},"4":{"start":{"line":2,"column":9},"end":{"line":2,"column":22}},"5":{"start":{"line":4,"column":54},"end":{"line":4,"column":82}},"6":{"start":{"line":4,"column":40},"end":{"line":4,"column":54}},"7":{"start":{"line":6,"column":9},"end":{"line":6,"column":22}},"8":{"start":{"line":7,"column":9},"end":{"line":7,"column":27}},"9":{"start":{"line":3,"column":9},"end":{"line":3,"column":23}},"10":{"start":{"line":8,"column":9},"end":{"line":8,"column":24}},"11":{"start":{"line":1,"column":23},"end":{"line":1,"column":null}},"12":{"start":{"line":2,"column":22},"end":{"line":2,"column":null}},"13":{"start":{"line":3,"column":23},"end":{"line":3,"column":null}},"14":{"start":{"line":4,"column":82},"end":{"line":4,"column":null}},"15":{"start":{"line":5,"column":21},"end":{"line":5,"column":null}},"16":{"start":{"line":6,"column":22},"end":{"line":6,"column":null}},"17":{"start":{"line":7,"column":27},"end":{"line":7,"column":null}},"18":{"start":{"line":8,"column":24},"end":{"line":8,"column":null}}},"fnMap":{},"branchMap":{},"s":{"0":0,"1":0,"2":0,"3":0,"4":0,"5":0,"6":0,"7":0,"8":0,"9":0,"10":0,"11":0,"12":0,"13":0,"14":0,"15":0,"16":0,"17":0,"18":0},"f":{},"b":{}},"C:\\Users\\Dell\\Desktop\\Year3\\SW cons\\2025-ITCS383-Chongyai\\implementations\\frontend\\src\\components\\jobs\\JobForm.tsx":{"path":"C:\\Users\\Dell\\Desktop\\Year3\\SW cons\\2025-ITCS383-Chongyai\\implementations\\frontend\\src\\components\\jobs\\JobForm.tsx","statementMap":{"0":{"start":{"line":39,"column":16},"end":{"line":39,"column":24}},"1":{"start":{"line":3,"column":25},"end":{"line":3,"column":null}},"2":{"start":{"line":4,"column":24},"end":{"line":4,"column":null}},"3":{"start":{"line":5,"column":28},"end":{"line":5,"column":null}},"4":{"start":{"line":6,"column":18},"end":{"line":6,"column":null}},"5":{"start":{"line":7,"column":24},"end":{"line":7,"column":null}},"6":{"start":{"line":8,"column":23},"end":{"line":8,"column":null}},"7":{"start":{"line":9,"column":22},"end":{"line":9,"column":null}},"8":{"start":{"line":10,"column":23},"end":{"line":10,"column":null}},"9":{"start":{"line":13,"column":24},"end":{"line":22,"column":null}},"10":{"start":{"line":24,"column":25},"end":{"line":30,"column":null}},"11":{"start":{"line":40,"column":30},"end":{"line":40,"column":null}},"12":{"start":{"line":41,"column":38},"end":{"line":41,"column":null}},"13":{"start":{"line":43,"column":60},"end":{"line":55,"column":null}},"14":{"start":{"line":57,"column":19},"end":{"line":63,"column":null}},"15":{"start":{"line":58,"column":20},"end":{"line":58,"column":null}},"16":{"start":{"line":59,"column":4},"end":{"line":62,"column":null}},"17":{"start":{"line":60,"column":6},"end":{"line":60,"column":null}},"18":{"start":{"line":61,"column":6},"end":{"line":61,"column":null}},"19":{"start":{"line":65,"column":22},"end":{"line":65,"column":null}},"20":{"start":{"line":65,"column":41},"end":{"line":65,"column":null}},"21":{"start":{"line":65,"column":72},"end":{"line":65,"column":null}},"22":{"start":{"line":67,"column":27},"end":{"line":69,"column":null}},"23":{"start":{"line":68,"column":4},"end":{"line":68,"column":null}},"24":{"start":{"line":120,"column":29},"end":{"line":120,"column":null}},"25":{"start":{"line":121,"column":32},"end":{"line":121,"column":91}},"26":{"start":{"line":121,"column":57},"end":{"line":121,"column":77}},"27":{"start":{"line":121,"column":77},"end":{"line":121,"column":89}},"28":{"start":{"line":131,"column":12},"end":{"line":131,"column":30}},"29":{"start":{"line":133,"column":51},"end":{"line":133,"column":71}}},"fnMap":{"0":{"name":"JobForm","decl":{"start":{"line":39,"column":16},"end":{"line":39,"column":24}},"loc":{"start":{"line":39,"column":102},"end":{"line":146,"column":null}}},"1":{"name":"(anonymous_2)","decl":{"start":{"line":57,"column":19},"end":{"line":57,"column":null}},"loc":{"start":{"line":57,"column":19},"end":{"line":63,"column":null}}},"2":{"name":"(anonymous_3)","decl":{"start":{"line":65,"column":22},"end":{"line":65,"column":23}},"loc":{"start":{"line":65,"column":41},"end":{"line":65,"column":null}}},"3":{"name":"(anonymous_4)","decl":{"start":{"line":65,"column":65},"end":{"line":65,"column":66}},"loc":{"start":{"line":65,"column":72},"end":{"line":65,"column":null}}},"4":{"name":"(anonymous_5)","decl":{"start":{"line":67,"column":27},"end":{"line":67,"column":34}},"loc":{"start":{"line":67,"column":34},"end":{"line":69,"column":null}}},"5":{"name":"(anonymous_6)","decl":{"start":{"line":120,"column":22},"end":{"line":120,"column":23}},"loc":{"start":{"line":120,"column":29},"end":{"line":120,"column":null}}},"6":{"name":"(anonymous_7)","decl":{"start":{"line":121,"column":23},"end":{"line":121,"column":24}},"loc":{"start":{"line":121,"column":24},"end":{"line":121,"column":null}}},"7":{"name":"(anonymous_8)","decl":{"start":{"line":130,"column":22},"end":{"line":130,"column":23}},"loc":{"start":{"line":131,"column":12},"end":{"line":131,"column":30}}},"8":{"name":"(anonymous_9)","decl":{"start":{"line":133,"column":45},"end":{"line":133,"column":51}},"loc":{"start":{"line":133,"column":51},"end":{"line":133,"column":71}}}},"branchMap":{"0":{"loc":{"start":{"line":39,"column":62},"end":{"line":39,"column":86}},"type":"default-arg","locations":[{"start":{"line":39,"column":76},"end":{"line":39,"column":86}}]},"1":{"loc":{"start":{"line":40,"column":49},"end":{"line":40,"column":76}},"type":"binary-expr","locations":[{"start":{"line":40,"column":49},"end":{"line":40,"column":74}},{"start":{"line":40,"column":74},"end":{"line":40,"column":76}}]},"2":{"loc":{"start":{"line":46,"column":13},"end":{"line":46,"column":null}},"type":"binary-expr","locations":[{"start":{"line":46,"column":13},"end":{"line":46,"column":37}},{"start":{"line":46,"column":37},"end":{"line":46,"column":null}}]},"3":{"loc":{"start":{"line":47,"column":19},"end":{"line":47,"column":null}},"type":"binary-expr","locations":[{"start":{"line":47,"column":19},"end":{"line":47,"column":49}},{"start":{"line":47,"column":49},"end":{"line":47,"column":null}}]},"4":{"loc":{"start":{"line":48,"column":20},"end":{"line":48,"column":null}},"type":"binary-expr","locations":[{"start":{"line":48,"column":20},"end":{"line":48,"column":51}},{"start":{"line":48,"column":51},"end":{"line":48,"column":null}}]},"5":{"loc":{"start":{"line":49,"column":16},"end":{"line":49,"column":null}},"type":"binary-expr","locations":[{"start":{"line":49,"column":16},"end":{"line":49,"column":43}},{"start":{"line":49,"column":43},"end":{"line":49,"column":null}}]},"6":{"loc":{"start":{"line":50,"column":15},"end":{"line":50,"column":null}},"type":"binary-expr","locations":[{"start":{"line":50,"column":15},"end":{"line":50,"column":41}},{"start":{"line":50,"column":41},"end":{"line":50,"column":null}}]},"7":{"loc":{"start":{"line":51,"column":17},"end":{"line":51,"column":null}},"type":"binary-expr","locations":[{"start":{"line":51,"column":17},"end":{"line":51,"column":45}},{"start":{"line":51,"column":45},"end":{"line":51,"column":null}}]},"8":{"loc":{"start":{"line":52,"column":17},"end":{"line":52,"column":null}},"type":"binary-expr","locations":[{"start":{"line":52,"column":17},"end":{"line":52,"column":45}},{"start":{"line":52,"column":45},"end":{"line":52,"column":null}}]},"9":{"loc":{"start":{"line":53,"column":17},"end":{"line":53,"column":null}},"type":"cond-expr","locations":[{"start":{"line":53,"column":44},"end":{"line":53,"column":107}},{"start":{"line":53,"column":107},"end":{"line":53,"column":null}}]},"10":{"loc":{"start":{"line":59,"column":4},"end":{"line":62,"column":null}},"type":"if","locations":[{"start":{"line":59,"column":4},"end":{"line":62,"column":null}},{"start":{},"end":{}}]},"11":{"loc":{"start":{"line":59,"column":8},"end":{"line":59,"column":46}},"type":"binary-expr","locations":[{"start":{"line":59,"column":8},"end":{"line":59,"column":19}},{"start":{"line":59,"column":19},"end":{"line":59,"column":46}}]},"12":{"loc":{"start":{"line":83,"column":9},"end":{"line":83,"column":27}},"type":"binary-expr","locations":[{"start":{"line":83,"column":9},"end":{"line":83,"column":27}}]},"13":{"loc":{"start":{"line":94,"column":9},"end":{"line":94,"column":28}},"type":"binary-expr","locations":[{"start":{"line":94,"column":9},"end":{"line":94,"column":28}}]},"14":{"loc":{"start":{"line":121,"column":32},"end":{"line":121,"column":91}},"type":"if","locations":[{"start":{"line":121,"column":32},"end":{"line":121,"column":91}},{"start":{},"end":{}}]}},"s":{"0":0,"1":0,"2":0,"3":0,"4":0,"5":0,"6":0,"7":0,"8":0,"9":0,"10":0,"11":0,"12":0,"13":0,"14":0,"15":0,"16":0,"17":0,"18":0,"19":0,"20":0,"21":0,"22":0,"23":0,"24":0,"25":0,"26":0,"27":0,"28":0,"29":0},"f":{"0":0,"1":0,"2":0,"3":0,"4":0,"5":0,"6":0,"7":0,"8":0},"b":{"0":[0],"1":[0,0],"2":[0,0],"3":[0,0],"4":[0,0],"5":[0,0],"6":[0,0],"7":[0,0],"8":[0,0],"9":[0,0],"10":[0,0],"11":[0,0],"12":[0],"13":[0],"14":[0,0]}}}}
